  [1m[35m (1390.6ms)[0m  [1m[35mCREATE DATABASE "binar_development" ENCODING = 'unicode'[0m
  ↳ bin/rails:9
  [1m[35m (689.3ms)[0m  [1m[35mCREATE DATABASE "binar_test" ENCODING = 'unicode'[0m
  ↳ bin/rails:9
  [1m[35m (111.8ms)[0m  [1m[35mCREATE TABLE "schema_migrations" ("version" character varying NOT NULL PRIMARY KEY)[0m
  ↳ bin/rails:9
  [1m[35m (85.8ms)[0m  [1m[35mCREATE TABLE "ar_internal_metadata" ("key" character varying NOT NULL PRIMARY KEY, "value" character varying, "created_at" timestamp NOT NULL, "updated_at" timestamp NOT NULL)[0m
  ↳ bin/rails:9
  [1m[35m (0.8ms)[0m  [1m[34mSELECT pg_try_advisory_lock(396877823785600080)[0m
  ↳ bin/rails:9
  [1m[35m (1.5ms)[0m  [1m[34mSELECT "schema_migrations"."version" FROM "schema_migrations" ORDER BY "schema_migrations"."version" ASC[0m
  ↳ bin/rails:9
  [1m[36mActiveRecord::InternalMetadata Load (1.2ms)[0m  [1m[34mSELECT  "ar_internal_metadata".* FROM "ar_internal_metadata" WHERE "ar_internal_metadata"."key" = $1 LIMIT $2[0m  [["key", "environment"], ["LIMIT", 1]]
  ↳ bin/rails:9
  [1m[35m (0.5ms)[0m  [1m[35mBEGIN[0m
  ↳ bin/rails:9
  [1m[36mActiveRecord::InternalMetadata Create (1.4ms)[0m  [1m[32mINSERT INTO "ar_internal_metadata" ("key", "value", "created_at", "updated_at") VALUES ($1, $2, $3, $4) RETURNING "key"[0m  [["key", "environment"], ["value", "development"], ["created_at", "2018-09-21 12:55:55.838806"], ["updated_at", "2018-09-21 12:55:55.838806"]]
  ↳ bin/rails:9
  [1m[35m (12.1ms)[0m  [1m[35mCOMMIT[0m
  ↳ bin/rails:9
  [1m[35m (0.8ms)[0m  [1m[34mSELECT pg_advisory_unlock(396877823785600080)[0m
  ↳ bin/rails:9
  [1m[35m (0.9ms)[0m  [1m[34mSELECT "schema_migrations"."version" FROM "schema_migrations" ORDER BY "schema_migrations"."version" ASC[0m
  ↳ bin/rails:9
  [1m[35m (0.6ms)[0m  [1m[34mSELECT pg_try_advisory_lock(396877823785600080)[0m
  ↳ bin/rails:9
  [1m[35m (2.4ms)[0m  [1m[34mSELECT "schema_migrations"."version" FROM "schema_migrations" ORDER BY "schema_migrations"."version" ASC[0m
  ↳ bin/rails:9
Migrating to CreateUsers (20180921125632)
  [1m[35m (0.6ms)[0m  [1m[35mBEGIN[0m
  ↳ bin/rails:9
  [1m[35m (73.9ms)[0m  [1m[35mCREATE TABLE "users" ("id" bigserial primary key, "name" character varying, "password_digest" character varying, "created_at" timestamp NOT NULL, "updated_at" timestamp NOT NULL)[0m
  ↳ db/migrate/20180921125632_create_users.rb:3
  [1m[36mActiveRecord::SchemaMigration Create (1.5ms)[0m  [1m[32mINSERT INTO "schema_migrations" ("version") VALUES ($1) RETURNING "version"[0m  [["version", "20180921125632"]]
  ↳ bin/rails:9
  [1m[35m (13.5ms)[0m  [1m[35mCOMMIT[0m
  ↳ bin/rails:9
Migrating to CreateMenus (20180921125757)
  [1m[35m (1.5ms)[0m  [1m[35mBEGIN[0m
  ↳ bin/rails:9
  [1m[35m (77.3ms)[0m  [1m[35mCREATE TABLE "menus" ("id" bigserial primary key, "name" character varying, "price" character varying, "created_at" timestamp NOT NULL, "updated_at" timestamp NOT NULL)[0m
  ↳ db/migrate/20180921125757_create_menus.rb:3
  [1m[36mActiveRecord::SchemaMigration Create (1.2ms)[0m  [1m[32mINSERT INTO "schema_migrations" ("version") VALUES ($1) RETURNING "version"[0m  [["version", "20180921125757"]]
  ↳ bin/rails:9
  [1m[35m (11.0ms)[0m  [1m[35mCOMMIT[0m
  ↳ bin/rails:9
Migrating to CreateOrders (20180921125930)
  [1m[35m (1.2ms)[0m  [1m[35mBEGIN[0m
  ↳ bin/rails:9
  [1m[35m (0.6ms)[0m  [1m[31mROLLBACK[0m
  ↳ bin/rails:9
  [1m[35m (0.8ms)[0m  [1m[34mSELECT pg_advisory_unlock(396877823785600080)[0m
  ↳ bin/rails:9
  [1m[35m (0.6ms)[0m  [1m[34mSELECT pg_try_advisory_lock(396877823785600080)[0m
  ↳ bin/rails:9
  [1m[35m (2.1ms)[0m  [1m[34mSELECT "schema_migrations"."version" FROM "schema_migrations" ORDER BY "schema_migrations"."version" ASC[0m
  ↳ bin/rails:9
Migrating to CreateOrders (20180921125930)
  [1m[35m (0.5ms)[0m  [1m[35mBEGIN[0m
  ↳ bin/rails:9
  [1m[35m (93.5ms)[0m  [1m[35mCREATE TABLE "orders" ("id" bigserial primary key, "name" character varying, "total" float, "address" character varying, "city" character varying, "qty" integer, "menu_id" bigint, "user_id" bigint, "created_at" timestamp NOT NULL, "updated_at" timestamp NOT NULL, CONSTRAINT "fk_rails_1bee5e9459"
FOREIGN KEY ("menu_id")
  REFERENCES "menus" ("id")
, CONSTRAINT "fk_rails_f868b47f6a"
FOREIGN KEY ("user_id")
  REFERENCES "users" ("id")
)[0m
  ↳ db/migrate/20180921125930_create_orders.rb:3
  [1m[35m (45.5ms)[0m  [1m[35mCREATE  INDEX  "index_orders_on_menu_id" ON "orders"  ("menu_id")[0m
  ↳ db/migrate/20180921125930_create_orders.rb:3
  [1m[35m (37.9ms)[0m  [1m[35mCREATE  INDEX  "index_orders_on_user_id" ON "orders"  ("user_id")[0m
  ↳ db/migrate/20180921125930_create_orders.rb:3
  [1m[36mActiveRecord::SchemaMigration Create (1.0ms)[0m  [1m[32mINSERT INTO "schema_migrations" ("version") VALUES ($1) RETURNING "version"[0m  [["version", "20180921125930"]]
  ↳ bin/rails:9
  [1m[35m (16.3ms)[0m  [1m[35mCOMMIT[0m
  ↳ bin/rails:9
  [1m[36mActiveRecord::InternalMetadata Load (0.9ms)[0m  [1m[34mSELECT  "ar_internal_metadata".* FROM "ar_internal_metadata" WHERE "ar_internal_metadata"."key" = $1 LIMIT $2[0m  [["key", "environment"], ["LIMIT", 1]]
  ↳ bin/rails:9
  [1m[35m (1.0ms)[0m  [1m[35mBEGIN[0m
  ↳ bin/rails:9
  [1m[35m (0.6ms)[0m  [1m[35mCOMMIT[0m
  ↳ bin/rails:9
  [1m[35m (0.8ms)[0m  [1m[34mSELECT pg_advisory_unlock(396877823785600080)[0m
  ↳ bin/rails:9
  [1m[35m (0.9ms)[0m  [1m[34mSELECT "schema_migrations"."version" FROM "schema_migrations" ORDER BY "schema_migrations"."version" ASC[0m
  ↳ bin/rails:9
  [1m[35m (0.5ms)[0m  [1m[34mSELECT pg_try_advisory_lock(396877823785600080)[0m
  ↳ bin/rails:9
  [1m[35m (2.5ms)[0m  [1m[34mSELECT "schema_migrations"."version" FROM "schema_migrations" ORDER BY "schema_migrations"."version" ASC[0m
  ↳ bin/rails:9
Migrating to AddEmailToUser (20180921130948)
  [1m[35m (0.6ms)[0m  [1m[35mBEGIN[0m
  ↳ bin/rails:9
  [1m[35m (2.2ms)[0m  [1m[35mALTER TABLE "users" ADD "email" character varying[0m
  ↳ db/migrate/20180921130948_add_email_to_user.rb:3
  [1m[36mActiveRecord::SchemaMigration Create (1.0ms)[0m  [1m[32mINSERT INTO "schema_migrations" ("version") VALUES ($1) RETURNING "version"[0m  [["version", "20180921130948"]]
  ↳ bin/rails:9
  [1m[35m (26.6ms)[0m  [1m[35mCOMMIT[0m
  ↳ bin/rails:9
  [1m[36mActiveRecord::InternalMetadata Load (1.2ms)[0m  [1m[34mSELECT  "ar_internal_metadata".* FROM "ar_internal_metadata" WHERE "ar_internal_metadata"."key" = $1 LIMIT $2[0m  [["key", "environment"], ["LIMIT", 1]]
  ↳ bin/rails:9
  [1m[35m (0.5ms)[0m  [1m[35mBEGIN[0m
  ↳ bin/rails:9
  [1m[35m (0.5ms)[0m  [1m[35mCOMMIT[0m
  ↳ bin/rails:9
  [1m[35m (1.0ms)[0m  [1m[34mSELECT pg_advisory_unlock(396877823785600080)[0m
  ↳ bin/rails:9
  [1m[35m (0.9ms)[0m  [1m[34mSELECT "schema_migrations"."version" FROM "schema_migrations" ORDER BY "schema_migrations"."version" ASC[0m
  ↳ bin/rails:9
Started GET "/v1/user" for 127.0.0.1 at 2018-09-21 20:36:52 +0700
  [1m[35m (4.1ms)[0m  [1m[34mSELECT "schema_migrations"."version" FROM "schema_migrations" ORDER BY "schema_migrations"."version" ASC[0m
  ↳ /home/gabriel/.rvm/gems/ruby-2.5.0/gems/activerecord-5.2.1/lib/active_record/log_subscriber.rb:98
  
ActionController::RoutingError (No route matches [GET] "/v1/user"):
  
actionpack (5.2.1) lib/action_dispatch/middleware/debug_exceptions.rb:65:in `call'
actionpack (5.2.1) lib/action_dispatch/middleware/show_exceptions.rb:33:in `call'
railties (5.2.1) lib/rails/rack/logger.rb:38:in `call_app'
railties (5.2.1) lib/rails/rack/logger.rb:26:in `block in call'
activesupport (5.2.1) lib/active_support/tagged_logging.rb:71:in `block in tagged'
activesupport (5.2.1) lib/active_support/tagged_logging.rb:28:in `tagged'
activesupport (5.2.1) lib/active_support/tagged_logging.rb:71:in `tagged'
railties (5.2.1) lib/rails/rack/logger.rb:26:in `call'
actionpack (5.2.1) lib/action_dispatch/middleware/remote_ip.rb:81:in `call'
actionpack (5.2.1) lib/action_dispatch/middleware/request_id.rb:27:in `call'
rack (2.0.5) lib/rack/runtime.rb:22:in `call'
activesupport (5.2.1) lib/active_support/cache/strategy/local_cache_middleware.rb:29:in `call'
actionpack (5.2.1) lib/action_dispatch/middleware/executor.rb:14:in `call'
actionpack (5.2.1) lib/action_dispatch/middleware/static.rb:127:in `call'
rack (2.0.5) lib/rack/sendfile.rb:111:in `call'
railties (5.2.1) lib/rails/engine.rb:524:in `call'
puma (3.12.0) lib/puma/configuration.rb:225:in `call'
puma (3.12.0) lib/puma/server.rb:658:in `handle_request'
puma (3.12.0) lib/puma/server.rb:472:in `process_client'
puma (3.12.0) lib/puma/server.rb:332:in `block in run'
puma (3.12.0) lib/puma/thread_pool.rb:133:in `block in spawn_thread'
Started POST "/v1/user/create" for 127.0.0.1 at 2018-09-21 20:39:22 +0700
  
SyntaxError (/home/gabriel/Documents/internship/binar/config/routes.rb:6: syntax error, unexpected tSTRING_BEG, expecting keyword_do or '{' or '('
  get 'user/:id', to 'users#show'
                     ^):
  
config/routes.rb:6: syntax error, unexpected tSTRING_BEG, expecting keyword_do or '{' or '('
Started POST "/v1/user/create" for 127.0.0.1 at 2018-09-21 20:41:19 +0700
  
SyntaxError (/home/gabriel/Documents/internship/binar/config/routes.rb:7: syntax error, unexpected tSTRING_BEG, expecting keyword_do or '{' or '('
    get 'user/:id', to 'users#show'
                       ^):
  
config/routes.rb:7: syntax error, unexpected tSTRING_BEG, expecting keyword_do or '{' or '('
Started POST "/v1/user/create" for 127.0.0.1 at 2018-09-21 20:44:06 +0700
  [1m[35m (2.3ms)[0m  [1m[34mSELECT "schema_migrations"."version" FROM "schema_migrations" ORDER BY "schema_migrations"."version" ASC[0m
  ↳ /home/gabriel/.rvm/gems/ruby-2.5.0/gems/activerecord-5.2.1/lib/active_record/log_subscriber.rb:98
Processing by V1::UsersController#create as */*
  Parameters: {"name"=>"gabriel", "email"=>"gabriel@gmail.com", "password"=>"[FILTERED]", "password_confirmation"=>"[FILTERED]"}
Completed 400 Bad Request in 58ms (ActiveRecord: 0.0ms)


  
ActionController::ParameterMissing (param is missing or the value is empty: user):
  
app/controllers/v1/users_controller.rb:38:in `user_param'
app/controllers/v1/users_controller.rb:13:in `create'
Started POST "/v1/user/create" for 127.0.0.1 at 2018-09-21 20:48:02 +0700
Processing by V1::UsersController#create as */*
  Parameters: {"name"=>"gabriel", "email"=>"gabriel@gmail.com", "password"=>"[FILTERED]", "password_confirmation"=>"[FILTERED]"}
Completed 400 Bad Request in 9ms (ActiveRecord: 0.0ms)


  
ActionController::ParameterMissing (param is missing or the value is empty: user):
  
app/controllers/v1/users_controller.rb:38:in `user_param'
app/controllers/v1/users_controller.rb:13:in `create'
Started POST "/v1/user/create" for 127.0.0.1 at 2018-09-21 20:49:49 +0700
Processing by V1::UsersController#create as */*
  Parameters: {"name"=>"gabriel", "email"=>"gabriel@gmail.com", "password"=>"[FILTERED]", "password_confirmation"=>"[FILTERED]"}
Completed 400 Bad Request in 8ms (ActiveRecord: 0.0ms)


  
ActionController::ParameterMissing (param is missing or the value is empty: user):
  
app/controllers/v1/users_controller.rb:38:in `user_param'
app/controllers/v1/users_controller.rb:13:in `create'
Started POST "/v1/user/create" for 127.0.0.1 at 2018-09-21 20:52:02 +0700
Processing by V1::UsersController#create as */*
  Parameters: {"name"=>"gabriel", "email"=>"gabriel@gmail.com", "password"=>"[FILTERED]", "password_confirmation"=>"[FILTERED]"}
Completed 400 Bad Request in 9ms (ActiveRecord: 0.0ms)


  
ActionController::ParameterMissing (param is missing or the value is empty: user):
  
app/controllers/v1/users_controller.rb:38:in `user_param'
app/controllers/v1/users_controller.rb:13:in `create'
Started POST "/v1/user/create" for 127.0.0.1 at 2018-09-21 20:53:55 +0700
Processing by V1::UsersController#create as */*
  Parameters: {"name"=>"gabriel", "email"=>"gabriel@gmail.com", "password"=>"[FILTERED]", "password_confirmation"=>"[FILTERED]"}
Completed 400 Bad Request in 9ms (ActiveRecord: 0.0ms)


  
ActionController::ParameterMissing (param is missing or the value is empty: user):
  
app/controllers/v1/users_controller.rb:38:in `user_param'
app/controllers/v1/users_controller.rb:13:in `create'
Started POST "/v1/user/create" for 127.0.0.1 at 2018-09-21 20:55:27 +0700
Processing by V1::UsersController#create as */*
  Parameters: {"name"=>"gabriel", "email"=>"gabriel@gmail.com", "password"=>"[FILTERED]", "password_confirmation"=>"[FILTERED]"}
Completed 400 Bad Request in 8ms (ActiveRecord: 0.0ms)


  
ActionController::ParameterMissing (param is missing or the value is empty: user):
  
app/controllers/v1/users_controller.rb:38:in `user_params'
app/controllers/v1/users_controller.rb:13:in `create'
Started POST "/v1/user/create" for 127.0.0.1 at 2018-09-21 20:57:32 +0700
Processing by V1::UsersController#create as */*
  Parameters: {"name"=>"gabriel", "email"=>"gabriel@gmail.com", "password"=>"[FILTERED]", "password_confirmation"=>"[FILTERED]"}
  [1m[35m (0.5ms)[0m  [1m[35mBEGIN[0m
  ↳ app/controllers/v1/users_controller.rb:14
  [1m[36mUser Exists (19.4ms)[0m  [1m[34mSELECT  1 AS one FROM "users" WHERE "users"."name" = $1 LIMIT $2[0m  [["name", "gabriel"], ["LIMIT", 1]]
  ↳ app/controllers/v1/users_controller.rb:14
  [1m[36mUser Create (1.6ms)[0m  [1m[32mINSERT INTO "users" ("name", "password_digest", "created_at", "updated_at", "email") VALUES ($1, $2, $3, $4, $5) RETURNING "id"[0m  [["name", "gabriel"], ["password_digest", "$2a$10$ipM.fT2nZpmieyOqP1CElOAAVcJ1JjvA3rLTo6WG4/dzIbGyXnzHa"], ["created_at", "2018-09-21 13:57:33.138301"], ["updated_at", "2018-09-21 13:57:33.138301"], ["email", "gabriel@gmail.com"]]
  ↳ app/controllers/v1/users_controller.rb:14
  [1m[35m (37.5ms)[0m  [1m[35mCOMMIT[0m
  ↳ app/controllers/v1/users_controller.rb:14
  [1m[35m (0.6ms)[0m  [1m[35mBEGIN[0m
  ↳ app/controllers/v1/users_controller.rb:15
  [1m[36mUser Exists (1.5ms)[0m  [1m[34mSELECT  1 AS one FROM "users" WHERE "users"."name" = $1 AND "users"."id" != $2 LIMIT $3[0m  [["name", "gabriel"], ["id", 1], ["LIMIT", 1]]
  ↳ app/controllers/v1/users_controller.rb:15
  [1m[35m (0.5ms)[0m  [1m[35mCOMMIT[0m
  ↳ app/controllers/v1/users_controller.rb:15
Completed 201 Created in 240ms (Views: 1.3ms | ActiveRecord: 78.4ms)


Started POST "/v1/user/login" for 127.0.0.1 at 2018-09-21 20:58:48 +0700
  
ActionController::RoutingError (No route matches [POST] "/v1/user/login"):
  
actionpack (5.2.1) lib/action_dispatch/middleware/debug_exceptions.rb:65:in `call'
actionpack (5.2.1) lib/action_dispatch/middleware/show_exceptions.rb:33:in `call'
railties (5.2.1) lib/rails/rack/logger.rb:38:in `call_app'
railties (5.2.1) lib/rails/rack/logger.rb:26:in `block in call'
activesupport (5.2.1) lib/active_support/tagged_logging.rb:71:in `block in tagged'
activesupport (5.2.1) lib/active_support/tagged_logging.rb:28:in `tagged'
activesupport (5.2.1) lib/active_support/tagged_logging.rb:71:in `tagged'
railties (5.2.1) lib/rails/rack/logger.rb:26:in `call'
actionpack (5.2.1) lib/action_dispatch/middleware/remote_ip.rb:81:in `call'
actionpack (5.2.1) lib/action_dispatch/middleware/request_id.rb:27:in `call'
rack (2.0.5) lib/rack/runtime.rb:22:in `call'
activesupport (5.2.1) lib/active_support/cache/strategy/local_cache_middleware.rb:29:in `call'
actionpack (5.2.1) lib/action_dispatch/middleware/executor.rb:14:in `call'
actionpack (5.2.1) lib/action_dispatch/middleware/static.rb:127:in `call'
rack (2.0.5) lib/rack/sendfile.rb:111:in `call'
railties (5.2.1) lib/rails/engine.rb:524:in `call'
puma (3.12.0) lib/puma/configuration.rb:225:in `call'
puma (3.12.0) lib/puma/server.rb:658:in `handle_request'
puma (3.12.0) lib/puma/server.rb:472:in `process_client'
puma (3.12.0) lib/puma/server.rb:332:in `block in run'
puma (3.12.0) lib/puma/thread_pool.rb:133:in `block in spawn_thread'
Started POST "/user/login" for 127.0.0.1 at 2018-09-21 20:59:02 +0700
Processing by UserTokenController#create as */*
  Parameters: {"auth"=>{"email"=>"gabriel@gmail.com", "password"=>"[FILTERED]"}, "user_token"=>{"auth"=>{"email"=>"gabriel@gmail.com", "password"=>"[FILTERED]"}}}
  [1m[36mUser Load (0.5ms)[0m  [1m[34mSELECT  "users".* FROM "users" WHERE "users"."email" = $1 LIMIT $2[0m  [["email", "gabriel@gmail.com"], ["LIMIT", 1]]
  ↳ /home/gabriel/.rvm/gems/ruby-2.5.0/gems/activerecord-5.2.1/lib/active_record/log_subscriber.rb:98
Completed 500 Internal Server Error in 119ms (ActiveRecord: 1.0ms)


  
TypeError (no implicit conversion of nil into String):
  
jwt (1.5.6) lib/jwt.rb:75:in `digest'
jwt (1.5.6) lib/jwt.rb:75:in `sign_hmac'
jwt (1.5.6) lib/jwt.rb:36:in `sign'
jwt (1.5.6) lib/jwt.rb:96:in `encoded_signature'
jwt (1.5.6) lib/jwt.rb:106:in `encode'
knock (2.1.1) app/model/knock/auth_token.rb:14:in `initialize'
knock (2.1.1) app/controllers/knock/auth_token_controller.rb:22:in `new'
knock (2.1.1) app/controllers/knock/auth_token_controller.rb:22:in `auth_token'
knock (2.1.1) app/controllers/knock/auth_token_controller.rb:8:in `create'
actionpack (5.2.1) lib/action_controller/metal/basic_implicit_render.rb:6:in `send_action'
actionpack (5.2.1) lib/abstract_controller/base.rb:194:in `process_action'
actionpack (5.2.1) lib/action_controller/metal/rendering.rb:30:in `process_action'
actionpack (5.2.1) lib/abstract_controller/callbacks.rb:42:in `block in process_action'
activesupport (5.2.1) lib/active_support/callbacks.rb:132:in `run_callbacks'
actionpack (5.2.1) lib/abstract_controller/callbacks.rb:41:in `process_action'
actionpack (5.2.1) lib/action_controller/metal/rescue.rb:22:in `process_action'
actionpack (5.2.1) lib/action_controller/metal/instrumentation.rb:34:in `block in process_action'
activesupport (5.2.1) lib/active_support/notifications.rb:168:in `block in instrument'
activesupport (5.2.1) lib/active_support/notifications/instrumenter.rb:23:in `instrument'
activesupport (5.2.1) lib/active_support/notifications.rb:168:in `instrument'
actionpack (5.2.1) lib/action_controller/metal/instrumentation.rb:32:in `process_action'
actionpack (5.2.1) lib/action_controller/metal/params_wrapper.rb:256:in `process_action'
activerecord (5.2.1) lib/active_record/railties/controller_runtime.rb:24:in `process_action'
actionpack (5.2.1) lib/abstract_controller/base.rb:134:in `process'
actionview (5.2.1) lib/action_view/rendering.rb:32:in `process'
actionpack (5.2.1) lib/action_controller/metal.rb:191:in `dispatch'
actionpack (5.2.1) lib/action_controller/metal.rb:252:in `dispatch'
actionpack (5.2.1) lib/action_dispatch/routing/route_set.rb:52:in `dispatch'
actionpack (5.2.1) lib/action_dispatch/routing/route_set.rb:34:in `serve'
actionpack (5.2.1) lib/action_dispatch/journey/router.rb:52:in `block in serve'
actionpack (5.2.1) lib/action_dispatch/journey/router.rb:35:in `each'
actionpack (5.2.1) lib/action_dispatch/journey/router.rb:35:in `serve'
actionpack (5.2.1) lib/action_dispatch/routing/route_set.rb:840:in `call'
rack (2.0.5) lib/rack/etag.rb:25:in `call'
rack (2.0.5) lib/rack/conditional_get.rb:38:in `call'
rack (2.0.5) lib/rack/head.rb:12:in `call'
activerecord (5.2.1) lib/active_record/migration.rb:559:in `call'
actionpack (5.2.1) lib/action_dispatch/middleware/callbacks.rb:28:in `block in call'
activesupport (5.2.1) lib/active_support/callbacks.rb:98:in `run_callbacks'
actionpack (5.2.1) lib/action_dispatch/middleware/callbacks.rb:26:in `call'
actionpack (5.2.1) lib/action_dispatch/middleware/executor.rb:14:in `call'
actionpack (5.2.1) lib/action_dispatch/middleware/debug_exceptions.rb:61:in `call'
actionpack (5.2.1) lib/action_dispatch/middleware/show_exceptions.rb:33:in `call'
railties (5.2.1) lib/rails/rack/logger.rb:38:in `call_app'
railties (5.2.1) lib/rails/rack/logger.rb:26:in `block in call'
activesupport (5.2.1) lib/active_support/tagged_logging.rb:71:in `block in tagged'
activesupport (5.2.1) lib/active_support/tagged_logging.rb:28:in `tagged'
activesupport (5.2.1) lib/active_support/tagged_logging.rb:71:in `tagged'
railties (5.2.1) lib/rails/rack/logger.rb:26:in `call'
actionpack (5.2.1) lib/action_dispatch/middleware/remote_ip.rb:81:in `call'
actionpack (5.2.1) lib/action_dispatch/middleware/request_id.rb:27:in `call'
rack (2.0.5) lib/rack/runtime.rb:22:in `call'
activesupport (5.2.1) lib/active_support/cache/strategy/local_cache_middleware.rb:29:in `call'
actionpack (5.2.1) lib/action_dispatch/middleware/executor.rb:14:in `call'
actionpack (5.2.1) lib/action_dispatch/middleware/static.rb:127:in `call'
rack (2.0.5) lib/rack/sendfile.rb:111:in `call'
railties (5.2.1) lib/rails/engine.rb:524:in `call'
puma (3.12.0) lib/puma/configuration.rb:225:in `call'
puma (3.12.0) lib/puma/server.rb:658:in `handle_request'
puma (3.12.0) lib/puma/server.rb:472:in `process_client'
puma (3.12.0) lib/puma/server.rb:332:in `block in run'
puma (3.12.0) lib/puma/thread_pool.rb:133:in `block in spawn_thread'
Started POST "/user/login" for 127.0.0.1 at 2018-09-21 21:01:22 +0700
Processing by UserTokenController#create as */*
  Parameters: {"auth"=>{"email"=>"gabriel@gmail.com", "password"=>"[FILTERED]"}, "user_token"=>{"auth"=>{"email"=>"gabriel@gmail.com", "password"=>"[FILTERED]"}}}
  [1m[36mUser Load (1.3ms)[0m  [1m[34mSELECT  "users".* FROM "users" WHERE "users"."email" = $1 LIMIT $2[0m  [["email", "gabriel@gmail.com"], ["LIMIT", 1]]
  ↳ /home/gabriel/.rvm/gems/ruby-2.5.0/gems/activerecord-5.2.1/lib/active_record/log_subscriber.rb:98
Completed 500 Internal Server Error in 157ms (ActiveRecord: 12.5ms)


  
TypeError (no implicit conversion of nil into String):
  
jwt (1.5.6) lib/jwt.rb:75:in `digest'
jwt (1.5.6) lib/jwt.rb:75:in `sign_hmac'
jwt (1.5.6) lib/jwt.rb:36:in `sign'
jwt (1.5.6) lib/jwt.rb:96:in `encoded_signature'
jwt (1.5.6) lib/jwt.rb:106:in `encode'
knock (2.1.1) app/model/knock/auth_token.rb:14:in `initialize'
knock (2.1.1) app/controllers/knock/auth_token_controller.rb:22:in `new'
knock (2.1.1) app/controllers/knock/auth_token_controller.rb:22:in `auth_token'
knock (2.1.1) app/controllers/knock/auth_token_controller.rb:8:in `create'
actionpack (5.2.1) lib/action_controller/metal/basic_implicit_render.rb:6:in `send_action'
actionpack (5.2.1) lib/abstract_controller/base.rb:194:in `process_action'
actionpack (5.2.1) lib/action_controller/metal/rendering.rb:30:in `process_action'
actionpack (5.2.1) lib/abstract_controller/callbacks.rb:42:in `block in process_action'
activesupport (5.2.1) lib/active_support/callbacks.rb:132:in `run_callbacks'
actionpack (5.2.1) lib/abstract_controller/callbacks.rb:41:in `process_action'
actionpack (5.2.1) lib/action_controller/metal/rescue.rb:22:in `process_action'
actionpack (5.2.1) lib/action_controller/metal/instrumentation.rb:34:in `block in process_action'
activesupport (5.2.1) lib/active_support/notifications.rb:168:in `block in instrument'
activesupport (5.2.1) lib/active_support/notifications/instrumenter.rb:23:in `instrument'
activesupport (5.2.1) lib/active_support/notifications.rb:168:in `instrument'
actionpack (5.2.1) lib/action_controller/metal/instrumentation.rb:32:in `process_action'
actionpack (5.2.1) lib/action_controller/metal/params_wrapper.rb:256:in `process_action'
activerecord (5.2.1) lib/active_record/railties/controller_runtime.rb:24:in `process_action'
actionpack (5.2.1) lib/abstract_controller/base.rb:134:in `process'
actionview (5.2.1) lib/action_view/rendering.rb:32:in `process'
actionpack (5.2.1) lib/action_controller/metal.rb:191:in `dispatch'
actionpack (5.2.1) lib/action_controller/metal.rb:252:in `dispatch'
actionpack (5.2.1) lib/action_dispatch/routing/route_set.rb:52:in `dispatch'
actionpack (5.2.1) lib/action_dispatch/routing/route_set.rb:34:in `serve'
actionpack (5.2.1) lib/action_dispatch/journey/router.rb:52:in `block in serve'
actionpack (5.2.1) lib/action_dispatch/journey/router.rb:35:in `each'
actionpack (5.2.1) lib/action_dispatch/journey/router.rb:35:in `serve'
actionpack (5.2.1) lib/action_dispatch/routing/route_set.rb:840:in `call'
rack (2.0.5) lib/rack/etag.rb:25:in `call'
rack (2.0.5) lib/rack/conditional_get.rb:38:in `call'
rack (2.0.5) lib/rack/head.rb:12:in `call'
activerecord (5.2.1) lib/active_record/migration.rb:559:in `call'
actionpack (5.2.1) lib/action_dispatch/middleware/callbacks.rb:28:in `block in call'
activesupport (5.2.1) lib/active_support/callbacks.rb:98:in `run_callbacks'
actionpack (5.2.1) lib/action_dispatch/middleware/callbacks.rb:26:in `call'
actionpack (5.2.1) lib/action_dispatch/middleware/executor.rb:14:in `call'
actionpack (5.2.1) lib/action_dispatch/middleware/debug_exceptions.rb:61:in `call'
actionpack (5.2.1) lib/action_dispatch/middleware/show_exceptions.rb:33:in `call'
railties (5.2.1) lib/rails/rack/logger.rb:38:in `call_app'
railties (5.2.1) lib/rails/rack/logger.rb:26:in `block in call'
activesupport (5.2.1) lib/active_support/tagged_logging.rb:71:in `block in tagged'
activesupport (5.2.1) lib/active_support/tagged_logging.rb:28:in `tagged'
activesupport (5.2.1) lib/active_support/tagged_logging.rb:71:in `tagged'
railties (5.2.1) lib/rails/rack/logger.rb:26:in `call'
actionpack (5.2.1) lib/action_dispatch/middleware/remote_ip.rb:81:in `call'
actionpack (5.2.1) lib/action_dispatch/middleware/request_id.rb:27:in `call'
rack (2.0.5) lib/rack/runtime.rb:22:in `call'
activesupport (5.2.1) lib/active_support/cache/strategy/local_cache_middleware.rb:29:in `call'
actionpack (5.2.1) lib/action_dispatch/middleware/executor.rb:14:in `call'
actionpack (5.2.1) lib/action_dispatch/middleware/static.rb:127:in `call'
rack (2.0.5) lib/rack/sendfile.rb:111:in `call'
railties (5.2.1) lib/rails/engine.rb:524:in `call'
puma (3.12.0) lib/puma/configuration.rb:225:in `call'
puma (3.12.0) lib/puma/server.rb:658:in `handle_request'
puma (3.12.0) lib/puma/server.rb:472:in `process_client'
puma (3.12.0) lib/puma/server.rb:332:in `block in run'
puma (3.12.0) lib/puma/thread_pool.rb:133:in `block in spawn_thread'
Started POST "/user/login" for 127.0.0.1 at 2018-09-21 21:01:52 +0700
Processing by UserTokenController#create as */*
  Parameters: {"auth"=>{"email"=>"gabriel@gmail.com", "password"=>"[FILTERED]"}, "user_token"=>{"auth"=>{"email"=>"gabriel@gmail.com", "password"=>"[FILTERED]"}}}
  [1m[36mUser Load (1.4ms)[0m  [1m[34mSELECT  "users".* FROM "users" WHERE "users"."email" = $1 LIMIT $2[0m  [["email", "gabriel@gmail.com"], ["LIMIT", 1]]
  ↳ /home/gabriel/.rvm/gems/ruby-2.5.0/gems/activerecord-5.2.1/lib/active_record/log_subscriber.rb:98
Completed 500 Internal Server Error in 158ms (ActiveRecord: 13.1ms)


  
TypeError (no implicit conversion of nil into String):
  
jwt (1.5.6) lib/jwt.rb:75:in `digest'
jwt (1.5.6) lib/jwt.rb:75:in `sign_hmac'
jwt (1.5.6) lib/jwt.rb:36:in `sign'
jwt (1.5.6) lib/jwt.rb:96:in `encoded_signature'
jwt (1.5.6) lib/jwt.rb:106:in `encode'
knock (2.1.1) app/model/knock/auth_token.rb:14:in `initialize'
knock (2.1.1) app/controllers/knock/auth_token_controller.rb:22:in `new'
knock (2.1.1) app/controllers/knock/auth_token_controller.rb:22:in `auth_token'
knock (2.1.1) app/controllers/knock/auth_token_controller.rb:8:in `create'
actionpack (5.2.1) lib/action_controller/metal/basic_implicit_render.rb:6:in `send_action'
actionpack (5.2.1) lib/abstract_controller/base.rb:194:in `process_action'
actionpack (5.2.1) lib/action_controller/metal/rendering.rb:30:in `process_action'
actionpack (5.2.1) lib/abstract_controller/callbacks.rb:42:in `block in process_action'
activesupport (5.2.1) lib/active_support/callbacks.rb:132:in `run_callbacks'
actionpack (5.2.1) lib/abstract_controller/callbacks.rb:41:in `process_action'
actionpack (5.2.1) lib/action_controller/metal/rescue.rb:22:in `process_action'
actionpack (5.2.1) lib/action_controller/metal/instrumentation.rb:34:in `block in process_action'
activesupport (5.2.1) lib/active_support/notifications.rb:168:in `block in instrument'
activesupport (5.2.1) lib/active_support/notifications/instrumenter.rb:23:in `instrument'
activesupport (5.2.1) lib/active_support/notifications.rb:168:in `instrument'
actionpack (5.2.1) lib/action_controller/metal/instrumentation.rb:32:in `process_action'
actionpack (5.2.1) lib/action_controller/metal/params_wrapper.rb:256:in `process_action'
activerecord (5.2.1) lib/active_record/railties/controller_runtime.rb:24:in `process_action'
actionpack (5.2.1) lib/abstract_controller/base.rb:134:in `process'
actionview (5.2.1) lib/action_view/rendering.rb:32:in `process'
actionpack (5.2.1) lib/action_controller/metal.rb:191:in `dispatch'
actionpack (5.2.1) lib/action_controller/metal.rb:252:in `dispatch'
actionpack (5.2.1) lib/action_dispatch/routing/route_set.rb:52:in `dispatch'
actionpack (5.2.1) lib/action_dispatch/routing/route_set.rb:34:in `serve'
actionpack (5.2.1) lib/action_dispatch/journey/router.rb:52:in `block in serve'
actionpack (5.2.1) lib/action_dispatch/journey/router.rb:35:in `each'
actionpack (5.2.1) lib/action_dispatch/journey/router.rb:35:in `serve'
actionpack (5.2.1) lib/action_dispatch/routing/route_set.rb:840:in `call'
rack (2.0.5) lib/rack/etag.rb:25:in `call'
rack (2.0.5) lib/rack/conditional_get.rb:38:in `call'
rack (2.0.5) lib/rack/head.rb:12:in `call'
activerecord (5.2.1) lib/active_record/migration.rb:559:in `call'
actionpack (5.2.1) lib/action_dispatch/middleware/callbacks.rb:28:in `block in call'
activesupport (5.2.1) lib/active_support/callbacks.rb:98:in `run_callbacks'
actionpack (5.2.1) lib/action_dispatch/middleware/callbacks.rb:26:in `call'
actionpack (5.2.1) lib/action_dispatch/middleware/executor.rb:14:in `call'
actionpack (5.2.1) lib/action_dispatch/middleware/debug_exceptions.rb:61:in `call'
actionpack (5.2.1) lib/action_dispatch/middleware/show_exceptions.rb:33:in `call'
railties (5.2.1) lib/rails/rack/logger.rb:38:in `call_app'
railties (5.2.1) lib/rails/rack/logger.rb:26:in `block in call'
activesupport (5.2.1) lib/active_support/tagged_logging.rb:71:in `block in tagged'
activesupport (5.2.1) lib/active_support/tagged_logging.rb:28:in `tagged'
activesupport (5.2.1) lib/active_support/tagged_logging.rb:71:in `tagged'
railties (5.2.1) lib/rails/rack/logger.rb:26:in `call'
actionpack (5.2.1) lib/action_dispatch/middleware/remote_ip.rb:81:in `call'
actionpack (5.2.1) lib/action_dispatch/middleware/request_id.rb:27:in `call'
rack (2.0.5) lib/rack/runtime.rb:22:in `call'
activesupport (5.2.1) lib/active_support/cache/strategy/local_cache_middleware.rb:29:in `call'
actionpack (5.2.1) lib/action_dispatch/middleware/executor.rb:14:in `call'
actionpack (5.2.1) lib/action_dispatch/middleware/static.rb:127:in `call'
rack (2.0.5) lib/rack/sendfile.rb:111:in `call'
railties (5.2.1) lib/rails/engine.rb:524:in `call'
puma (3.12.0) lib/puma/configuration.rb:225:in `call'
puma (3.12.0) lib/puma/server.rb:658:in `handle_request'
puma (3.12.0) lib/puma/server.rb:472:in `process_client'
puma (3.12.0) lib/puma/server.rb:332:in `block in run'
puma (3.12.0) lib/puma/thread_pool.rb:133:in `block in spawn_thread'
Started POST "/user/login" for 127.0.0.1 at 2018-09-21 21:03:29 +0700
  [1m[35m (2.7ms)[0m  [1m[34mSELECT "schema_migrations"."version" FROM "schema_migrations" ORDER BY "schema_migrations"."version" ASC[0m
  ↳ /home/gabriel/.rvm/gems/ruby-2.5.0/gems/activerecord-5.2.1/lib/active_record/log_subscriber.rb:98
Processing by UserTokenController#create as */*
  Parameters: {"auth"=>{"email"=>"gabriel@gmail.com", "password"=>"[FILTERED]"}, "user_token"=>{"auth"=>{"email"=>"gabriel@gmail.com", "password"=>"[FILTERED]"}}}
  [1m[36mUser Load (1.1ms)[0m  [1m[34mSELECT  "users".* FROM "users" WHERE "users"."email" = $1 LIMIT $2[0m  [["email", "gabriel@gmail.com"], ["LIMIT", 1]]
  ↳ /home/gabriel/.rvm/gems/ruby-2.5.0/gems/activerecord-5.2.1/lib/active_record/log_subscriber.rb:98
Completed 500 Internal Server Error in 177ms (ActiveRecord: 13.6ms)


  
TypeError (no implicit conversion of nil into String):
  
jwt (1.5.6) lib/jwt.rb:75:in `digest'
jwt (1.5.6) lib/jwt.rb:75:in `sign_hmac'
jwt (1.5.6) lib/jwt.rb:36:in `sign'
jwt (1.5.6) lib/jwt.rb:96:in `encoded_signature'
jwt (1.5.6) lib/jwt.rb:106:in `encode'
knock (2.1.1) app/model/knock/auth_token.rb:14:in `initialize'
knock (2.1.1) app/controllers/knock/auth_token_controller.rb:22:in `new'
knock (2.1.1) app/controllers/knock/auth_token_controller.rb:22:in `auth_token'
knock (2.1.1) app/controllers/knock/auth_token_controller.rb:8:in `create'
actionpack (5.2.1) lib/action_controller/metal/basic_implicit_render.rb:6:in `send_action'
actionpack (5.2.1) lib/abstract_controller/base.rb:194:in `process_action'
actionpack (5.2.1) lib/action_controller/metal/rendering.rb:30:in `process_action'
actionpack (5.2.1) lib/abstract_controller/callbacks.rb:42:in `block in process_action'
activesupport (5.2.1) lib/active_support/callbacks.rb:132:in `run_callbacks'
actionpack (5.2.1) lib/abstract_controller/callbacks.rb:41:in `process_action'
actionpack (5.2.1) lib/action_controller/metal/rescue.rb:22:in `process_action'
actionpack (5.2.1) lib/action_controller/metal/instrumentation.rb:34:in `block in process_action'
activesupport (5.2.1) lib/active_support/notifications.rb:168:in `block in instrument'
activesupport (5.2.1) lib/active_support/notifications/instrumenter.rb:23:in `instrument'
activesupport (5.2.1) lib/active_support/notifications.rb:168:in `instrument'
actionpack (5.2.1) lib/action_controller/metal/instrumentation.rb:32:in `process_action'
actionpack (5.2.1) lib/action_controller/metal/params_wrapper.rb:256:in `process_action'
activerecord (5.2.1) lib/active_record/railties/controller_runtime.rb:24:in `process_action'
actionpack (5.2.1) lib/abstract_controller/base.rb:134:in `process'
actionview (5.2.1) lib/action_view/rendering.rb:32:in `process'
actionpack (5.2.1) lib/action_controller/metal.rb:191:in `dispatch'
actionpack (5.2.1) lib/action_controller/metal.rb:252:in `dispatch'
actionpack (5.2.1) lib/action_dispatch/routing/route_set.rb:52:in `dispatch'
actionpack (5.2.1) lib/action_dispatch/routing/route_set.rb:34:in `serve'
actionpack (5.2.1) lib/action_dispatch/journey/router.rb:52:in `block in serve'
actionpack (5.2.1) lib/action_dispatch/journey/router.rb:35:in `each'
actionpack (5.2.1) lib/action_dispatch/journey/router.rb:35:in `serve'
actionpack (5.2.1) lib/action_dispatch/routing/route_set.rb:840:in `call'
rack (2.0.5) lib/rack/etag.rb:25:in `call'
rack (2.0.5) lib/rack/conditional_get.rb:38:in `call'
rack (2.0.5) lib/rack/head.rb:12:in `call'
activerecord (5.2.1) lib/active_record/migration.rb:559:in `call'
actionpack (5.2.1) lib/action_dispatch/middleware/callbacks.rb:28:in `block in call'
activesupport (5.2.1) lib/active_support/callbacks.rb:98:in `run_callbacks'
actionpack (5.2.1) lib/action_dispatch/middleware/callbacks.rb:26:in `call'
actionpack (5.2.1) lib/action_dispatch/middleware/executor.rb:14:in `call'
actionpack (5.2.1) lib/action_dispatch/middleware/debug_exceptions.rb:61:in `call'
actionpack (5.2.1) lib/action_dispatch/middleware/show_exceptions.rb:33:in `call'
railties (5.2.1) lib/rails/rack/logger.rb:38:in `call_app'
railties (5.2.1) lib/rails/rack/logger.rb:26:in `block in call'
activesupport (5.2.1) lib/active_support/tagged_logging.rb:71:in `block in tagged'
activesupport (5.2.1) lib/active_support/tagged_logging.rb:28:in `tagged'
activesupport (5.2.1) lib/active_support/tagged_logging.rb:71:in `tagged'
railties (5.2.1) lib/rails/rack/logger.rb:26:in `call'
actionpack (5.2.1) lib/action_dispatch/middleware/remote_ip.rb:81:in `call'
actionpack (5.2.1) lib/action_dispatch/middleware/request_id.rb:27:in `call'
rack (2.0.5) lib/rack/runtime.rb:22:in `call'
activesupport (5.2.1) lib/active_support/cache/strategy/local_cache_middleware.rb:29:in `call'
actionpack (5.2.1) lib/action_dispatch/middleware/executor.rb:14:in `call'
actionpack (5.2.1) lib/action_dispatch/middleware/static.rb:127:in `call'
rack (2.0.5) lib/rack/sendfile.rb:111:in `call'
railties (5.2.1) lib/rails/engine.rb:524:in `call'
puma (3.12.0) lib/puma/configuration.rb:225:in `call'
puma (3.12.0) lib/puma/server.rb:658:in `handle_request'
puma (3.12.0) lib/puma/server.rb:472:in `process_client'
puma (3.12.0) lib/puma/server.rb:332:in `block in run'
puma (3.12.0) lib/puma/thread_pool.rb:133:in `block in spawn_thread'
Started POST "/user/login" for 127.0.0.1 at 2018-09-21 21:12:46 +0700
  [1m[35m (2.4ms)[0m  [1m[34mSELECT "schema_migrations"."version" FROM "schema_migrations" ORDER BY "schema_migrations"."version" ASC[0m
  ↳ /home/gabriel/.rvm/gems/ruby-2.5.0/gems/activerecord-5.2.1/lib/active_record/log_subscriber.rb:98
Processing by UserTokenController#create as */*
  Parameters: {"auth"=>{"email"=>"gabriel@gmail.com", "password"=>"[FILTERED]"}, "user_token"=>{"auth"=>{"email"=>"gabriel@gmail.com", "password"=>"[FILTERED]"}}}
  [1m[36mUser Load (1.1ms)[0m  [1m[34mSELECT  "users".* FROM "users" WHERE "users"."email" = $1 LIMIT $2[0m  [["email", "gabriel@gmail.com"], ["LIMIT", 1]]
  ↳ /home/gabriel/.rvm/gems/ruby-2.5.0/gems/activerecord-5.2.1/lib/active_record/log_subscriber.rb:98
Completed 500 Internal Server Error in 162ms (ActiveRecord: 14.3ms)


  
TypeError (no implicit conversion of nil into String):
  
jwt (1.5.6) lib/jwt.rb:75:in `digest'
jwt (1.5.6) lib/jwt.rb:75:in `sign_hmac'
jwt (1.5.6) lib/jwt.rb:36:in `sign'
jwt (1.5.6) lib/jwt.rb:96:in `encoded_signature'
jwt (1.5.6) lib/jwt.rb:106:in `encode'
knock (2.1.1) app/model/knock/auth_token.rb:14:in `initialize'
knock (2.1.1) app/controllers/knock/auth_token_controller.rb:22:in `new'
knock (2.1.1) app/controllers/knock/auth_token_controller.rb:22:in `auth_token'
knock (2.1.1) app/controllers/knock/auth_token_controller.rb:8:in `create'
actionpack (5.2.1) lib/action_controller/metal/basic_implicit_render.rb:6:in `send_action'
actionpack (5.2.1) lib/abstract_controller/base.rb:194:in `process_action'
actionpack (5.2.1) lib/action_controller/metal/rendering.rb:30:in `process_action'
actionpack (5.2.1) lib/abstract_controller/callbacks.rb:42:in `block in process_action'
activesupport (5.2.1) lib/active_support/callbacks.rb:132:in `run_callbacks'
actionpack (5.2.1) lib/abstract_controller/callbacks.rb:41:in `process_action'
actionpack (5.2.1) lib/action_controller/metal/rescue.rb:22:in `process_action'
actionpack (5.2.1) lib/action_controller/metal/instrumentation.rb:34:in `block in process_action'
activesupport (5.2.1) lib/active_support/notifications.rb:168:in `block in instrument'
activesupport (5.2.1) lib/active_support/notifications/instrumenter.rb:23:in `instrument'
activesupport (5.2.1) lib/active_support/notifications.rb:168:in `instrument'
actionpack (5.2.1) lib/action_controller/metal/instrumentation.rb:32:in `process_action'
actionpack (5.2.1) lib/action_controller/metal/params_wrapper.rb:256:in `process_action'
activerecord (5.2.1) lib/active_record/railties/controller_runtime.rb:24:in `process_action'
actionpack (5.2.1) lib/abstract_controller/base.rb:134:in `process'
actionview (5.2.1) lib/action_view/rendering.rb:32:in `process'
actionpack (5.2.1) lib/action_controller/metal.rb:191:in `dispatch'
actionpack (5.2.1) lib/action_controller/metal.rb:252:in `dispatch'
actionpack (5.2.1) lib/action_dispatch/routing/route_set.rb:52:in `dispatch'
actionpack (5.2.1) lib/action_dispatch/routing/route_set.rb:34:in `serve'
actionpack (5.2.1) lib/action_dispatch/journey/router.rb:52:in `block in serve'
actionpack (5.2.1) lib/action_dispatch/journey/router.rb:35:in `each'
actionpack (5.2.1) lib/action_dispatch/journey/router.rb:35:in `serve'
actionpack (5.2.1) lib/action_dispatch/routing/route_set.rb:840:in `call'
rack (2.0.5) lib/rack/etag.rb:25:in `call'
rack (2.0.5) lib/rack/conditional_get.rb:38:in `call'
rack (2.0.5) lib/rack/head.rb:12:in `call'
activerecord (5.2.1) lib/active_record/migration.rb:559:in `call'
actionpack (5.2.1) lib/action_dispatch/middleware/callbacks.rb:28:in `block in call'
activesupport (5.2.1) lib/active_support/callbacks.rb:98:in `run_callbacks'
actionpack (5.2.1) lib/action_dispatch/middleware/callbacks.rb:26:in `call'
actionpack (5.2.1) lib/action_dispatch/middleware/executor.rb:14:in `call'
actionpack (5.2.1) lib/action_dispatch/middleware/debug_exceptions.rb:61:in `call'
actionpack (5.2.1) lib/action_dispatch/middleware/show_exceptions.rb:33:in `call'
railties (5.2.1) lib/rails/rack/logger.rb:38:in `call_app'
railties (5.2.1) lib/rails/rack/logger.rb:26:in `block in call'
activesupport (5.2.1) lib/active_support/tagged_logging.rb:71:in `block in tagged'
activesupport (5.2.1) lib/active_support/tagged_logging.rb:28:in `tagged'
activesupport (5.2.1) lib/active_support/tagged_logging.rb:71:in `tagged'
railties (5.2.1) lib/rails/rack/logger.rb:26:in `call'
actionpack (5.2.1) lib/action_dispatch/middleware/remote_ip.rb:81:in `call'
actionpack (5.2.1) lib/action_dispatch/middleware/request_id.rb:27:in `call'
rack (2.0.5) lib/rack/runtime.rb:22:in `call'
activesupport (5.2.1) lib/active_support/cache/strategy/local_cache_middleware.rb:29:in `call'
actionpack (5.2.1) lib/action_dispatch/middleware/executor.rb:14:in `call'
actionpack (5.2.1) lib/action_dispatch/middleware/static.rb:127:in `call'
rack (2.0.5) lib/rack/sendfile.rb:111:in `call'
railties (5.2.1) lib/rails/engine.rb:524:in `call'
puma (3.12.0) lib/puma/configuration.rb:225:in `call'
puma (3.12.0) lib/puma/server.rb:658:in `handle_request'
puma (3.12.0) lib/puma/server.rb:472:in `process_client'
puma (3.12.0) lib/puma/server.rb:332:in `block in run'
puma (3.12.0) lib/puma/thread_pool.rb:133:in `block in spawn_thread'
  [1m[35m (0.7ms)[0m  [1m[34mSELECT pg_try_advisory_lock(396877823785600080)[0m
  ↳ bin/rails:9
  [1m[35m (2.0ms)[0m  [1m[34mSELECT "schema_migrations"."version" FROM "schema_migrations" ORDER BY "schema_migrations"."version" ASC[0m
  ↳ bin/rails:9
  [1m[36mActiveRecord::InternalMetadata Load (0.9ms)[0m  [1m[34mSELECT  "ar_internal_metadata".* FROM "ar_internal_metadata" WHERE "ar_internal_metadata"."key" = $1 LIMIT $2[0m  [["key", "environment"], ["LIMIT", 1]]
  ↳ bin/rails:9
  [1m[35m (0.4ms)[0m  [1m[35mBEGIN[0m
  ↳ bin/rails:9
  [1m[35m (0.5ms)[0m  [1m[35mCOMMIT[0m
  ↳ bin/rails:9
  [1m[35m (0.7ms)[0m  [1m[34mSELECT pg_advisory_unlock(396877823785600080)[0m
  ↳ bin/rails:9
  [1m[35m (0.7ms)[0m  [1m[34mSELECT "schema_migrations"."version" FROM "schema_migrations" ORDER BY "schema_migrations"."version" ASC[0m
  ↳ bin/rails:9
Started POST "/user/login" for 127.0.0.1 at 2018-09-21 21:20:01 +0700
  [1m[35m (2.5ms)[0m  [1m[34mSELECT "schema_migrations"."version" FROM "schema_migrations" ORDER BY "schema_migrations"."version" ASC[0m
  ↳ /home/gabriel/.rvm/gems/ruby-2.5.1/gems/activerecord-5.2.1/lib/active_record/log_subscriber.rb:98
Processing by UserTokenController#create as */*
  Parameters: {"auth"=>{"email"=>"gabriel@gmail.com", "password"=>"[FILTERED]"}, "user_token"=>{"auth"=>{"email"=>"gabriel@gmail.com", "password"=>"[FILTERED]"}}}
  [1m[36mUser Load (0.9ms)[0m  [1m[34mSELECT  "users".* FROM "users" WHERE "users"."email" = $1 LIMIT $2[0m  [["email", "gabriel@gmail.com"], ["LIMIT", 1]]
  ↳ /home/gabriel/.rvm/gems/ruby-2.5.1/gems/activerecord-5.2.1/lib/active_record/log_subscriber.rb:98
Completed 500 Internal Server Error in 197ms (ActiveRecord: 13.7ms)


  
TypeError (no implicit conversion of nil into String):
  
jwt (1.5.6) lib/jwt.rb:75:in `digest'
jwt (1.5.6) lib/jwt.rb:75:in `sign_hmac'
jwt (1.5.6) lib/jwt.rb:36:in `sign'
jwt (1.5.6) lib/jwt.rb:96:in `encoded_signature'
jwt (1.5.6) lib/jwt.rb:106:in `encode'
knock (2.1.1) app/model/knock/auth_token.rb:14:in `initialize'
knock (2.1.1) app/controllers/knock/auth_token_controller.rb:22:in `new'
knock (2.1.1) app/controllers/knock/auth_token_controller.rb:22:in `auth_token'
knock (2.1.1) app/controllers/knock/auth_token_controller.rb:8:in `create'
actionpack (5.2.1) lib/action_controller/metal/basic_implicit_render.rb:6:in `send_action'
actionpack (5.2.1) lib/abstract_controller/base.rb:194:in `process_action'
actionpack (5.2.1) lib/action_controller/metal/rendering.rb:30:in `process_action'
actionpack (5.2.1) lib/abstract_controller/callbacks.rb:42:in `block in process_action'
activesupport (5.2.1) lib/active_support/callbacks.rb:132:in `run_callbacks'
actionpack (5.2.1) lib/abstract_controller/callbacks.rb:41:in `process_action'
actionpack (5.2.1) lib/action_controller/metal/rescue.rb:22:in `process_action'
actionpack (5.2.1) lib/action_controller/metal/instrumentation.rb:34:in `block in process_action'
activesupport (5.2.1) lib/active_support/notifications.rb:168:in `block in instrument'
activesupport (5.2.1) lib/active_support/notifications/instrumenter.rb:23:in `instrument'
activesupport (5.2.1) lib/active_support/notifications.rb:168:in `instrument'
actionpack (5.2.1) lib/action_controller/metal/instrumentation.rb:32:in `process_action'
actionpack (5.2.1) lib/action_controller/metal/params_wrapper.rb:256:in `process_action'
activerecord (5.2.1) lib/active_record/railties/controller_runtime.rb:24:in `process_action'
actionpack (5.2.1) lib/abstract_controller/base.rb:134:in `process'
actionview (5.2.1) lib/action_view/rendering.rb:32:in `process'
actionpack (5.2.1) lib/action_controller/metal.rb:191:in `dispatch'
actionpack (5.2.1) lib/action_controller/metal.rb:252:in `dispatch'
actionpack (5.2.1) lib/action_dispatch/routing/route_set.rb:52:in `dispatch'
actionpack (5.2.1) lib/action_dispatch/routing/route_set.rb:34:in `serve'
actionpack (5.2.1) lib/action_dispatch/journey/router.rb:52:in `block in serve'
actionpack (5.2.1) lib/action_dispatch/journey/router.rb:35:in `each'
actionpack (5.2.1) lib/action_dispatch/journey/router.rb:35:in `serve'
actionpack (5.2.1) lib/action_dispatch/routing/route_set.rb:840:in `call'
rack (2.0.5) lib/rack/etag.rb:25:in `call'
rack (2.0.5) lib/rack/conditional_get.rb:38:in `call'
rack (2.0.5) lib/rack/head.rb:12:in `call'
activerecord (5.2.1) lib/active_record/migration.rb:559:in `call'
actionpack (5.2.1) lib/action_dispatch/middleware/callbacks.rb:28:in `block in call'
activesupport (5.2.1) lib/active_support/callbacks.rb:98:in `run_callbacks'
actionpack (5.2.1) lib/action_dispatch/middleware/callbacks.rb:26:in `call'
actionpack (5.2.1) lib/action_dispatch/middleware/executor.rb:14:in `call'
actionpack (5.2.1) lib/action_dispatch/middleware/debug_exceptions.rb:61:in `call'
actionpack (5.2.1) lib/action_dispatch/middleware/show_exceptions.rb:33:in `call'
railties (5.2.1) lib/rails/rack/logger.rb:38:in `call_app'
railties (5.2.1) lib/rails/rack/logger.rb:26:in `block in call'
activesupport (5.2.1) lib/active_support/tagged_logging.rb:71:in `block in tagged'
activesupport (5.2.1) lib/active_support/tagged_logging.rb:28:in `tagged'
activesupport (5.2.1) lib/active_support/tagged_logging.rb:71:in `tagged'
railties (5.2.1) lib/rails/rack/logger.rb:26:in `call'
actionpack (5.2.1) lib/action_dispatch/middleware/remote_ip.rb:81:in `call'
actionpack (5.2.1) lib/action_dispatch/middleware/request_id.rb:27:in `call'
rack (2.0.5) lib/rack/runtime.rb:22:in `call'
activesupport (5.2.1) lib/active_support/cache/strategy/local_cache_middleware.rb:29:in `call'
actionpack (5.2.1) lib/action_dispatch/middleware/executor.rb:14:in `call'
actionpack (5.2.1) lib/action_dispatch/middleware/static.rb:127:in `call'
rack (2.0.5) lib/rack/sendfile.rb:111:in `call'
railties (5.2.1) lib/rails/engine.rb:524:in `call'
puma (3.12.0) lib/puma/configuration.rb:225:in `call'
puma (3.12.0) lib/puma/server.rb:658:in `handle_request'
puma (3.12.0) lib/puma/server.rb:472:in `process_client'
puma (3.12.0) lib/puma/server.rb:332:in `block in run'
puma (3.12.0) lib/puma/thread_pool.rb:133:in `block in spawn_thread'
Started POST "/user/login" for 127.0.0.1 at 2018-09-21 21:22:38 +0700
Processing by UserTokenController#create as */*
  Parameters: {"auth"=>{"email"=>"gabriel@gmail.com", "password"=>"[FILTERED]"}, "user_token"=>{"auth"=>{"email"=>"gabriel@gmail.com", "password"=>"[FILTERED]"}}}
  [1m[36mUser Load (1.0ms)[0m  [1m[34mSELECT  "users".* FROM "users" WHERE "users"."email" = $1 LIMIT $2[0m  [["email", "gabriel@gmail.com"], ["LIMIT", 1]]
  ↳ /home/gabriel/.rvm/gems/ruby-2.5.1/gems/activerecord-5.2.1/lib/active_record/log_subscriber.rb:98
Completed 500 Internal Server Error in 167ms (ActiveRecord: 19.2ms)


  
TypeError (no implicit conversion of nil into String):
  
jwt (1.5.6) lib/jwt.rb:75:in `digest'
jwt (1.5.6) lib/jwt.rb:75:in `sign_hmac'
jwt (1.5.6) lib/jwt.rb:36:in `sign'
jwt (1.5.6) lib/jwt.rb:96:in `encoded_signature'
jwt (1.5.6) lib/jwt.rb:106:in `encode'
knock (2.1.1) app/model/knock/auth_token.rb:14:in `initialize'
knock (2.1.1) app/controllers/knock/auth_token_controller.rb:22:in `new'
knock (2.1.1) app/controllers/knock/auth_token_controller.rb:22:in `auth_token'
knock (2.1.1) app/controllers/knock/auth_token_controller.rb:8:in `create'
actionpack (5.2.1) lib/action_controller/metal/basic_implicit_render.rb:6:in `send_action'
actionpack (5.2.1) lib/abstract_controller/base.rb:194:in `process_action'
actionpack (5.2.1) lib/action_controller/metal/rendering.rb:30:in `process_action'
actionpack (5.2.1) lib/abstract_controller/callbacks.rb:42:in `block in process_action'
activesupport (5.2.1) lib/active_support/callbacks.rb:132:in `run_callbacks'
actionpack (5.2.1) lib/abstract_controller/callbacks.rb:41:in `process_action'
actionpack (5.2.1) lib/action_controller/metal/rescue.rb:22:in `process_action'
actionpack (5.2.1) lib/action_controller/metal/instrumentation.rb:34:in `block in process_action'
activesupport (5.2.1) lib/active_support/notifications.rb:168:in `block in instrument'
activesupport (5.2.1) lib/active_support/notifications/instrumenter.rb:23:in `instrument'
activesupport (5.2.1) lib/active_support/notifications.rb:168:in `instrument'
actionpack (5.2.1) lib/action_controller/metal/instrumentation.rb:32:in `process_action'
actionpack (5.2.1) lib/action_controller/metal/params_wrapper.rb:256:in `process_action'
activerecord (5.2.1) lib/active_record/railties/controller_runtime.rb:24:in `process_action'
actionpack (5.2.1) lib/abstract_controller/base.rb:134:in `process'
actionview (5.2.1) lib/action_view/rendering.rb:32:in `process'
actionpack (5.2.1) lib/action_controller/metal.rb:191:in `dispatch'
actionpack (5.2.1) lib/action_controller/metal.rb:252:in `dispatch'
actionpack (5.2.1) lib/action_dispatch/routing/route_set.rb:52:in `dispatch'
actionpack (5.2.1) lib/action_dispatch/routing/route_set.rb:34:in `serve'
actionpack (5.2.1) lib/action_dispatch/journey/router.rb:52:in `block in serve'
actionpack (5.2.1) lib/action_dispatch/journey/router.rb:35:in `each'
actionpack (5.2.1) lib/action_dispatch/journey/router.rb:35:in `serve'
actionpack (5.2.1) lib/action_dispatch/routing/route_set.rb:840:in `call'
rack (2.0.5) lib/rack/etag.rb:25:in `call'
rack (2.0.5) lib/rack/conditional_get.rb:38:in `call'
rack (2.0.5) lib/rack/head.rb:12:in `call'
activerecord (5.2.1) lib/active_record/migration.rb:559:in `call'
actionpack (5.2.1) lib/action_dispatch/middleware/callbacks.rb:28:in `block in call'
activesupport (5.2.1) lib/active_support/callbacks.rb:98:in `run_callbacks'
actionpack (5.2.1) lib/action_dispatch/middleware/callbacks.rb:26:in `call'
actionpack (5.2.1) lib/action_dispatch/middleware/executor.rb:14:in `call'
actionpack (5.2.1) lib/action_dispatch/middleware/debug_exceptions.rb:61:in `call'
actionpack (5.2.1) lib/action_dispatch/middleware/show_exceptions.rb:33:in `call'
railties (5.2.1) lib/rails/rack/logger.rb:38:in `call_app'
railties (5.2.1) lib/rails/rack/logger.rb:26:in `block in call'
activesupport (5.2.1) lib/active_support/tagged_logging.rb:71:in `block in tagged'
activesupport (5.2.1) lib/active_support/tagged_logging.rb:28:in `tagged'
activesupport (5.2.1) lib/active_support/tagged_logging.rb:71:in `tagged'
railties (5.2.1) lib/rails/rack/logger.rb:26:in `call'
actionpack (5.2.1) lib/action_dispatch/middleware/remote_ip.rb:81:in `call'
actionpack (5.2.1) lib/action_dispatch/middleware/request_id.rb:27:in `call'
rack (2.0.5) lib/rack/runtime.rb:22:in `call'
activesupport (5.2.1) lib/active_support/cache/strategy/local_cache_middleware.rb:29:in `call'
actionpack (5.2.1) lib/action_dispatch/middleware/executor.rb:14:in `call'
actionpack (5.2.1) lib/action_dispatch/middleware/static.rb:127:in `call'
rack (2.0.5) lib/rack/sendfile.rb:111:in `call'
railties (5.2.1) lib/rails/engine.rb:524:in `call'
puma (3.12.0) lib/puma/configuration.rb:225:in `call'
puma (3.12.0) lib/puma/server.rb:658:in `handle_request'
puma (3.12.0) lib/puma/server.rb:472:in `process_client'
puma (3.12.0) lib/puma/server.rb:332:in `block in run'
puma (3.12.0) lib/puma/thread_pool.rb:133:in `block in spawn_thread'
Started POST "/user/login" for 127.0.0.1 at 2018-09-21 21:29:09 +0700
  [1m[35m (2.1ms)[0m  [1m[34mSELECT "schema_migrations"."version" FROM "schema_migrations" ORDER BY "schema_migrations"."version" ASC[0m
  ↳ /home/gabriel/.rvm/gems/ruby-2.5.1/gems/activerecord-5.2.1/lib/active_record/log_subscriber.rb:98
Processing by UserTokenController#create as */*
  Parameters: {"auth"=>{"email"=>"gabriel@gmail.com", "password"=>"[FILTERED]"}, "user_token"=>{"auth"=>{"email"=>"gabriel@gmail.com", "password"=>"[FILTERED]"}}}
  [1m[36mUser Load (1.0ms)[0m  [1m[34mSELECT  "users".* FROM "users" WHERE "users"."email" = $1 LIMIT $2[0m  [["email", "gabriel@gmail.com"], ["LIMIT", 1]]
  ↳ /home/gabriel/.rvm/gems/ruby-2.5.1/gems/activerecord-5.2.1/lib/active_record/log_subscriber.rb:98
Completed 500 Internal Server Error in 165ms (ActiveRecord: 14.6ms)


  
TypeError (no implicit conversion of nil into String):
  
jwt (1.5.6) lib/jwt.rb:75:in `digest'
jwt (1.5.6) lib/jwt.rb:75:in `sign_hmac'
jwt (1.5.6) lib/jwt.rb:36:in `sign'
jwt (1.5.6) lib/jwt.rb:96:in `encoded_signature'
jwt (1.5.6) lib/jwt.rb:106:in `encode'
knock (2.1.1) app/model/knock/auth_token.rb:14:in `initialize'
knock (2.1.1) app/controllers/knock/auth_token_controller.rb:22:in `new'
knock (2.1.1) app/controllers/knock/auth_token_controller.rb:22:in `auth_token'
knock (2.1.1) app/controllers/knock/auth_token_controller.rb:8:in `create'
actionpack (5.2.1) lib/action_controller/metal/basic_implicit_render.rb:6:in `send_action'
actionpack (5.2.1) lib/abstract_controller/base.rb:194:in `process_action'
actionpack (5.2.1) lib/action_controller/metal/rendering.rb:30:in `process_action'
actionpack (5.2.1) lib/abstract_controller/callbacks.rb:42:in `block in process_action'
activesupport (5.2.1) lib/active_support/callbacks.rb:132:in `run_callbacks'
actionpack (5.2.1) lib/abstract_controller/callbacks.rb:41:in `process_action'
actionpack (5.2.1) lib/action_controller/metal/rescue.rb:22:in `process_action'
actionpack (5.2.1) lib/action_controller/metal/instrumentation.rb:34:in `block in process_action'
activesupport (5.2.1) lib/active_support/notifications.rb:168:in `block in instrument'
activesupport (5.2.1) lib/active_support/notifications/instrumenter.rb:23:in `instrument'
activesupport (5.2.1) lib/active_support/notifications.rb:168:in `instrument'
actionpack (5.2.1) lib/action_controller/metal/instrumentation.rb:32:in `process_action'
actionpack (5.2.1) lib/action_controller/metal/params_wrapper.rb:256:in `process_action'
activerecord (5.2.1) lib/active_record/railties/controller_runtime.rb:24:in `process_action'
actionpack (5.2.1) lib/abstract_controller/base.rb:134:in `process'
actionview (5.2.1) lib/action_view/rendering.rb:32:in `process'
actionpack (5.2.1) lib/action_controller/metal.rb:191:in `dispatch'
actionpack (5.2.1) lib/action_controller/metal.rb:252:in `dispatch'
actionpack (5.2.1) lib/action_dispatch/routing/route_set.rb:52:in `dispatch'
actionpack (5.2.1) lib/action_dispatch/routing/route_set.rb:34:in `serve'
actionpack (5.2.1) lib/action_dispatch/journey/router.rb:52:in `block in serve'
actionpack (5.2.1) lib/action_dispatch/journey/router.rb:35:in `each'
actionpack (5.2.1) lib/action_dispatch/journey/router.rb:35:in `serve'
actionpack (5.2.1) lib/action_dispatch/routing/route_set.rb:840:in `call'
rack (2.0.5) lib/rack/etag.rb:25:in `call'
rack (2.0.5) lib/rack/conditional_get.rb:38:in `call'
rack (2.0.5) lib/rack/head.rb:12:in `call'
activerecord (5.2.1) lib/active_record/migration.rb:559:in `call'
actionpack (5.2.1) lib/action_dispatch/middleware/callbacks.rb:28:in `block in call'
activesupport (5.2.1) lib/active_support/callbacks.rb:98:in `run_callbacks'
actionpack (5.2.1) lib/action_dispatch/middleware/callbacks.rb:26:in `call'
actionpack (5.2.1) lib/action_dispatch/middleware/executor.rb:14:in `call'
actionpack (5.2.1) lib/action_dispatch/middleware/debug_exceptions.rb:61:in `call'
actionpack (5.2.1) lib/action_dispatch/middleware/show_exceptions.rb:33:in `call'
railties (5.2.1) lib/rails/rack/logger.rb:38:in `call_app'
railties (5.2.1) lib/rails/rack/logger.rb:26:in `block in call'
activesupport (5.2.1) lib/active_support/tagged_logging.rb:71:in `block in tagged'
activesupport (5.2.1) lib/active_support/tagged_logging.rb:28:in `tagged'
activesupport (5.2.1) lib/active_support/tagged_logging.rb:71:in `tagged'
railties (5.2.1) lib/rails/rack/logger.rb:26:in `call'
actionpack (5.2.1) lib/action_dispatch/middleware/remote_ip.rb:81:in `call'
actionpack (5.2.1) lib/action_dispatch/middleware/request_id.rb:27:in `call'
rack (2.0.5) lib/rack/runtime.rb:22:in `call'
activesupport (5.2.1) lib/active_support/cache/strategy/local_cache_middleware.rb:29:in `call'
actionpack (5.2.1) lib/action_dispatch/middleware/executor.rb:14:in `call'
actionpack (5.2.1) lib/action_dispatch/middleware/static.rb:127:in `call'
rack (2.0.5) lib/rack/sendfile.rb:111:in `call'
railties (5.2.1) lib/rails/engine.rb:524:in `call'
puma (3.12.0) lib/puma/configuration.rb:225:in `call'
puma (3.12.0) lib/puma/server.rb:658:in `handle_request'
puma (3.12.0) lib/puma/server.rb:472:in `process_client'
puma (3.12.0) lib/puma/server.rb:332:in `block in run'
puma (3.12.0) lib/puma/thread_pool.rb:133:in `block in spawn_thread'
Started POST "/user/login" for 127.0.0.1 at 2018-09-21 21:36:49 +0700
  [1m[35m (52.1ms)[0m  [1m[34mSELECT "schema_migrations"."version" FROM "schema_migrations" ORDER BY "schema_migrations"."version" ASC[0m
  ↳ /home/gabriel/.rvm/gems/ruby-2.5.1/gems/activerecord-5.2.1/lib/active_record/log_subscriber.rb:98
Processing by UserTokenController#create as */*
  Parameters: {"auth"=>{"email"=>"gabriel@gmail.com", "password"=>"[FILTERED]"}, "user_token"=>{"auth"=>{"email"=>"gabriel@gmail.com", "password"=>"[FILTERED]"}}}
  [1m[36mUser Load (1.0ms)[0m  [1m[34mSELECT  "users".* FROM "users" WHERE "users"."email" = $1 LIMIT $2[0m  [["email", "gabriel@gmail.com"], ["LIMIT", 1]]
  ↳ /home/gabriel/.rvm/gems/ruby-2.5.1/gems/activerecord-5.2.1/lib/active_record/log_subscriber.rb:98
Completed 201 Created in 165ms (Views: 0.6ms | ActiveRecord: 14.1ms)


Started GET "/v1/user" for 127.0.0.1 at 2018-09-21 21:37:40 +0700
Processing by V1::UsersController#index as */*
  Parameters: {"user"=>{}}
  [1m[36mUser Load (1.0ms)[0m  [1m[34mSELECT  "users".* FROM "users" WHERE "users"."id" = $1 LIMIT $2[0m  [["id", 1], ["LIMIT", 1]]
  ↳ /home/gabriel/.rvm/gems/ruby-2.5.1/gems/activerecord-5.2.1/lib/active_record/log_subscriber.rb:98
Completed 200 OK in 10ms (Views: 1.6ms | ActiveRecord: 1.7ms)


Started PUT "/v1/user" for 127.0.0.1 at 2018-09-21 22:03:02 +0700
Processing by V1::UsersController#update as */*
  Parameters: {"name"=>"gabriel123", "email"=>"gabriel@gmail.com", "password"=>"[FILTERED]", "password_confirmation"=>"[FILTERED]"}
Filter chain halted as :authenticate_user rendered or redirected
Completed 401 Unauthorized in 2ms (ActiveRecord: 0.0ms)


Started PUT "/v1/user" for 127.0.0.1 at 2018-09-21 22:03:27 +0700
Processing by V1::UsersController#update as */*
  Parameters: {"name"=>"gabriel123", "email"=>"gabriel@gmail.com", "password"=>"[FILTERED]", "password_confirmation"=>"[FILTERED]"}
  [1m[36mUser Load (1.2ms)[0m  [1m[34mSELECT  "users".* FROM "users" WHERE "users"."id" = $1 LIMIT $2[0m  [["id", 1], ["LIMIT", 1]]
  ↳ /home/gabriel/.rvm/gems/ruby-2.5.1/gems/activerecord-5.2.1/lib/active_record/log_subscriber.rb:98
  [1m[35m (0.4ms)[0m  [1m[35mBEGIN[0m
  ↳ app/controllers/v1/users_controller.rb:23
  [1m[36mUser Exists (2.2ms)[0m  [1m[34mSELECT  1 AS one FROM "users" WHERE "users"."name" = $1 AND "users"."id" != $2 LIMIT $3[0m  [["name", "gabriel123"], ["id", 1], ["LIMIT", 1]]
  ↳ app/controllers/v1/users_controller.rb:23
  [1m[36mUser Exists (1.0ms)[0m  [1m[34mSELECT  1 AS one FROM "users" WHERE "users"."email" = $1 AND "users"."id" != $2 LIMIT $3[0m  [["email", "gabriel@gmail.com"], ["id", 1], ["LIMIT", 1]]
  ↳ app/controllers/v1/users_controller.rb:23
  [1m[36mUser Update (1.5ms)[0m  [1m[33mUPDATE "users" SET "name" = $1, "password_digest" = $2, "updated_at" = $3 WHERE "users"."id" = $4[0m  [["name", "gabriel123"], ["password_digest", "$2a$10$L7K3b2OD5e2QQdE2Quk5eug5lIrO/U5G9I02YcGokbI5rAujnZFA2"], ["updated_at", "2018-09-21 15:03:27.672557"], ["id", 1]]
  ↳ app/controllers/v1/users_controller.rb:23
  [1m[35m (27.4ms)[0m  [1m[35mCOMMIT[0m
  ↳ app/controllers/v1/users_controller.rb:23
Completed 200 OK in 207ms (Views: 0.6ms | ActiveRecord: 50.1ms)


Started POST "/v1/menu/create" for 127.0.0.1 at 2018-09-21 22:13:32 +0700
Processing by V1::MenusController#create as */*
  Parameters: {"name"=>"es teh", "price"=>"50000"}
  [1m[35m (0.5ms)[0m  [1m[35mBEGIN[0m
  ↳ app/controllers/v1/menus_controller.rb:14
  [1m[36mMenu Create (35.5ms)[0m  [1m[32mINSERT INTO "menus" ("name", "price", "created_at", "updated_at") VALUES ($1, $2, $3, $4) RETURNING "id"[0m  [["name", "es teh"], ["price", "50000"], ["created_at", "2018-09-21 15:13:32.204327"], ["updated_at", "2018-09-21 15:13:32.204327"]]
  ↳ app/controllers/v1/menus_controller.rb:14
  [1m[35m (18.1ms)[0m  [1m[35mCOMMIT[0m
  ↳ app/controllers/v1/menus_controller.rb:14
  [1m[35m (0.4ms)[0m  [1m[35mBEGIN[0m
  ↳ app/controllers/v1/menus_controller.rb:15
  [1m[35m (0.5ms)[0m  [1m[35mCOMMIT[0m
  ↳ app/controllers/v1/menus_controller.rb:15
Completed 201 Created in 115ms (Views: 1.4ms | ActiveRecord: 72.2ms)


Started GET "/v1/menu" for 127.0.0.1 at 2018-09-21 22:13:45 +0700
Processing by V1::MenusController#index as */*
  Parameters: {"menu"=>{}}
  [1m[36mMenu Load (1.0ms)[0m  [1m[34mSELECT  "menus".* FROM "menus" WHERE "menus"."id" = $1 LIMIT $2[0m  [["id", 1], ["LIMIT", 1]]
  ↳ app/controllers/v1/menus_controller.rb:46
  [1m[36mMenu Load (1.0ms)[0m  [1m[34mSELECT "menus".* FROM "menus"[0m
  ↳ app/controllers/v1/menus_controller.rb:6
Completed 200 OK in 14ms (Views: 3.6ms | ActiveRecord: 2.6ms)


Started GET "/v1/menu/1" for 127.0.0.1 at 2018-09-21 22:13:54 +0700
Processing by V1::MenusController#show as */*
  Parameters: {"id"=>"1", "menu"=>{}}
Completed 200 OK in 1ms (Views: 0.4ms | ActiveRecord: 0.0ms)


Started GET "/v1/menu" for 127.0.0.1 at 2018-09-21 22:14:22 +0700
Processing by V1::MenusController#index as */*
  Parameters: {"menu"=>{}}
  [1m[36mMenu Load (0.9ms)[0m  [1m[34mSELECT  "menus".* FROM "menus" WHERE "menus"."id" = $1 LIMIT $2[0m  [["id", 1], ["LIMIT", 1]]
  ↳ app/controllers/v1/menus_controller.rb:46
  [1m[36mMenu Load (1.0ms)[0m  [1m[34mSELECT "menus".* FROM "menus"[0m
  ↳ app/controllers/v1/menus_controller.rb:6
Completed 200 OK in 8ms (Views: 3.3ms | ActiveRecord: 1.9ms)


Started POST "/v1/menu/create" for 127.0.0.1 at 2018-09-21 22:14:56 +0700
Processing by V1::MenusController#create as */*
  Parameters: {"name"=>"es teller", "price"=>"60000"}
  [1m[35m (1.5ms)[0m  [1m[35mBEGIN[0m
  ↳ app/controllers/v1/menus_controller.rb:14
  [1m[36mMenu Create (2.8ms)[0m  [1m[32mINSERT INTO "menus" ("name", "price", "created_at", "updated_at") VALUES ($1, $2, $3, $4) RETURNING "id"[0m  [["name", "es teller"], ["price", "60000"], ["created_at", "2018-09-21 15:14:56.078488"], ["updated_at", "2018-09-21 15:14:56.078488"]]
  ↳ app/controllers/v1/menus_controller.rb:14
  [1m[35m (28.7ms)[0m  [1m[35mCOMMIT[0m
  ↳ app/controllers/v1/menus_controller.rb:14
  [1m[35m (0.6ms)[0m  [1m[35mBEGIN[0m
  ↳ app/controllers/v1/menus_controller.rb:15
  [1m[35m (0.7ms)[0m  [1m[35mCOMMIT[0m
  ↳ app/controllers/v1/menus_controller.rb:15
Completed 201 Created in 47ms (Views: 1.4ms | ActiveRecord: 34.2ms)


Started POST "/v1/menu/create" for 127.0.0.1 at 2018-09-21 22:15:13 +0700
Processing by V1::MenusController#create as */*
  Parameters: {"name"=>"es blue", "price"=>"40000"}
  [1m[35m (1.5ms)[0m  [1m[35mBEGIN[0m
  ↳ app/controllers/v1/menus_controller.rb:14
  [1m[36mMenu Create (3.0ms)[0m  [1m[32mINSERT INTO "menus" ("name", "price", "created_at", "updated_at") VALUES ($1, $2, $3, $4) RETURNING "id"[0m  [["name", "es blue"], ["price", "40000"], ["created_at", "2018-09-21 15:15:13.654528"], ["updated_at", "2018-09-21 15:15:13.654528"]]
  ↳ app/controllers/v1/menus_controller.rb:14
  [1m[35m (32.3ms)[0m  [1m[35mCOMMIT[0m
  ↳ app/controllers/v1/menus_controller.rb:14
  [1m[35m (0.4ms)[0m  [1m[35mBEGIN[0m
  ↳ app/controllers/v1/menus_controller.rb:15
  [1m[35m (0.5ms)[0m  [1m[35mCOMMIT[0m
  ↳ app/controllers/v1/menus_controller.rb:15
Completed 201 Created in 49ms (Views: 1.2ms | ActiveRecord: 37.7ms)


Started GET "/v1/menu" for 127.0.0.1 at 2018-09-21 22:15:22 +0700
Processing by V1::MenusController#index as */*
  Parameters: {"menu"=>{}}
  [1m[36mMenu Load (1.2ms)[0m  [1m[34mSELECT  "menus".* FROM "menus" WHERE "menus"."id" = $1 LIMIT $2[0m  [["id", 1], ["LIMIT", 1]]
  ↳ app/controllers/v1/menus_controller.rb:46
  [1m[36mMenu Load (1.5ms)[0m  [1m[34mSELECT "menus".* FROM "menus"[0m
  ↳ app/controllers/v1/menus_controller.rb:6
Completed 200 OK in 11ms (Views: 5.2ms | ActiveRecord: 2.7ms)


Started GET "/v1/menu/2" for 127.0.0.1 at 2018-09-21 22:15:37 +0700
Processing by V1::MenusController#show as */*
  Parameters: {"id"=>"2", "menu"=>{}}
Completed 200 OK in 1ms (Views: 0.4ms | ActiveRecord: 0.0ms)


Started GET "/v1/menu" for 127.0.0.1 at 2018-09-21 22:16:45 +0700
Processing by V1::MenusController#index as */*
  Parameters: {"menu"=>{}}
  [1m[36mMenu Load (1.0ms)[0m  [1m[34mSELECT  "menus".* FROM "menus" WHERE "menus"."id" = $1 LIMIT $2[0m  [["id", 1], ["LIMIT", 1]]
  ↳ app/controllers/v1/menus_controller.rb:46
  [1m[36mMenu Load (1.1ms)[0m  [1m[34mSELECT "menus".* FROM "menus"[0m
  ↳ app/controllers/v1/menus_controller.rb:6
Completed 200 OK in 17ms (Views: 10.0ms | ActiveRecord: 2.0ms)


Started GET "/v1/menu/2" for 127.0.0.1 at 2018-09-21 22:16:51 +0700
Processing by V1::MenusController#show as */*
  Parameters: {"id"=>"2", "menu"=>{}}
Completed 200 OK in 1ms (Views: 0.5ms | ActiveRecord: 0.0ms)


Started GET "/v1/menu" for 127.0.0.1 at 2018-09-21 22:18:02 +0700
Processing by V1::MenusController#index as */*
  Parameters: {"menu"=>{}}
Completed 404 Not Found in 7ms (ActiveRecord: 10.9ms)


  
ActiveRecord::RecordNotFound (Couldn't find Menu without an ID):
  
app/controllers/v1/menus_controller.rb:46:in `set_menu'
Started GET "/v1/menu" for 127.0.0.1 at 2018-09-21 22:18:32 +0700
Processing by V1::MenusController#index as */*
  Parameters: {"menu"=>{}}
  [1m[36mMenu Load (1.0ms)[0m  [1m[34mSELECT  "menus".* FROM "menus" LIMIT $1[0m  [["LIMIT", 1]]
  ↳ app/controllers/v1/menus_controller.rb:46
  [1m[36mMenu Load (1.0ms)[0m  [1m[34mSELECT "menus".* FROM "menus"[0m
  ↳ app/controllers/v1/menus_controller.rb:6
Completed 200 OK in 32ms (Views: 4.6ms | ActiveRecord: 13.2ms)


Started GET "/v1/menu/2" for 127.0.0.1 at 2018-09-21 22:18:36 +0700
Processing by V1::MenusController#show as */*
  Parameters: {"id"=>"2", "menu"=>{}}
Completed 200 OK in 1ms (Views: 0.4ms | ActiveRecord: 0.0ms)


Started GET "/v1/menu/1" for 127.0.0.1 at 2018-09-21 22:18:42 +0700
Processing by V1::MenusController#show as */*
  Parameters: {"id"=>"1", "menu"=>{}}
Completed 200 OK in 1ms (Views: 0.4ms | ActiveRecord: 0.0ms)


Started GET "/v1/menu" for 127.0.0.1 at 2018-09-21 22:19:18 +0700
Processing by V1::MenusController#index as */*
  Parameters: {"menu"=>{}}
Completed 404 Not Found in 6ms (ActiveRecord: 10.3ms)


  
ActiveRecord::RecordNotFound (Couldn't find Menu without an ID):
  
app/controllers/v1/menus_controller.rb:46:in `set_menu'
Started GET "/v1/menu" for 127.0.0.1 at 2018-09-21 22:20:03 +0700
Processing by V1::MenusController#index as */*
  Parameters: {"menu"=>{}}
  [1m[36mMenu Load (0.9ms)[0m  [1m[34mSELECT "menus".* FROM "menus"[0m
  ↳ app/controllers/v1/menus_controller.rb:6
Completed 200 OK in 27ms (Views: 20.1ms | ActiveRecord: 11.4ms)


Started GET "/v1/menu/1" for 127.0.0.1 at 2018-09-21 22:20:07 +0700
Processing by V1::MenusController#show as */*
  Parameters: {"id"=>"1", "menu"=>{}}
Completed 200 OK in 1ms (Views: 0.4ms | ActiveRecord: 0.0ms)


Started GET "/v1/menu/2" for 127.0.0.1 at 2018-09-21 22:20:11 +0700
Processing by V1::MenusController#show as */*
  Parameters: {"id"=>"2", "menu"=>{}}
Completed 200 OK in 1ms (Views: 0.4ms | ActiveRecord: 0.0ms)


Started GET "/v1/menu/2" for 127.0.0.1 at 2018-09-21 22:20:40 +0700
Processing by V1::MenusController#show as */*
  Parameters: {"id"=>"2", "menu"=>{}}
  [1m[36mMenu Load (1.0ms)[0m  [1m[34mSELECT  "menus".* FROM "menus" WHERE "menus"."id" = $1 LIMIT $2[0m  [["id", 2], ["LIMIT", 1]]
  ↳ app/controllers/v1/menus_controller.rb:46
Completed 200 OK in 26ms (Views: 1.4ms | ActiveRecord: 11.7ms)


Started DELETE "/v1/menu/2" for 127.0.0.1 at 2018-09-21 22:21:18 +0700
Processing by V1::MenusController#delete as */*
  Parameters: {"name"=>"es blue", "price"=>"40000", "id"=>"2"}
  [1m[36mMenu Load (1.2ms)[0m  [1m[34mSELECT  "menus".* FROM "menus" WHERE "menus"."id" = $1 LIMIT $2[0m  [["id", 2], ["LIMIT", 1]]
  ↳ app/controllers/v1/menus_controller.rb:46
  [1m[35m (0.5ms)[0m  [1m[35mBEGIN[0m
  ↳ app/controllers/v1/menus_controller.rb:30
  [1m[36mMenu Destroy (18.0ms)[0m  [1m[31mDELETE FROM "menus" WHERE "menus"."id" = $1[0m  [["id", 2]]
  ↳ app/controllers/v1/menus_controller.rb:30
  [1m[35m (17.6ms)[0m  [1m[35mCOMMIT[0m
  ↳ app/controllers/v1/menus_controller.rb:30
Completed 200 OK in 83ms (Views: 0.5ms | ActiveRecord: 47.1ms)


Started GET "/v1/menu" for 127.0.0.1 at 2018-09-21 22:21:28 +0700
Processing by V1::MenusController#index as */*
  Parameters: {"menu"=>{}}
  [1m[36mMenu Load (1.0ms)[0m  [1m[34mSELECT "menus".* FROM "menus"[0m
  ↳ app/controllers/v1/menus_controller.rb:6
Completed 200 OK in 6ms (Views: 4.0ms | ActiveRecord: 1.0ms)


Started PUT "/v1/menu/1" for 127.0.0.1 at 2018-09-21 22:21:59 +0700
Processing by V1::MenusController#update as */*
  Parameters: {"name"=>"es cincau", "price"=>"40000", "id"=>"1"}
  [1m[36mMenu Load (0.6ms)[0m  [1m[34mSELECT  "menus".* FROM "menus" WHERE "menus"."id" = $1 LIMIT $2[0m  [["id", 1], ["LIMIT", 1]]
  ↳ app/controllers/v1/menus_controller.rb:46
Unpermitted parameter: :id
  [1m[35m (0.5ms)[0m  [1m[35mBEGIN[0m
  ↳ app/controllers/v1/menus_controller.rb:23
  [1m[36mMenu Update (1.1ms)[0m  [1m[33mUPDATE "menus" SET "name" = $1, "price" = $2, "updated_at" = $3 WHERE "menus"."id" = $4[0m  [["name", "es cincau"], ["price", "40000"], ["updated_at", "2018-09-21 15:21:59.371901"], ["id", 1]]
  ↳ app/controllers/v1/menus_controller.rb:23
  [1m[35m (9.2ms)[0m  [1m[35mCOMMIT[0m
  ↳ app/controllers/v1/menus_controller.rb:23
Completed 200 OK in 58ms (Views: 0.5ms | ActiveRecord: 21.8ms)


  [1m[35m (0.5ms)[0m  [1m[34mSELECT pg_try_advisory_lock(396877823785600080)[0m
  ↳ bin/rails:9
  [1m[35m (2.3ms)[0m  [1m[34mSELECT "schema_migrations"."version" FROM "schema_migrations" ORDER BY "schema_migrations"."version" ASC[0m
  ↳ bin/rails:9
Migrating to RemoveNameFromOrder (20180921152732)
  [1m[35m (0.6ms)[0m  [1m[35mBEGIN[0m
  ↳ bin/rails:9
  [1m[35m (20.7ms)[0m  [1m[35mALTER TABLE "orders" DROP COLUMN "name"[0m
  ↳ db/migrate/20180921152732_remove_name_from_order.rb:3
  [1m[36mActiveRecord::SchemaMigration Create (1.2ms)[0m  [1m[32mINSERT INTO "schema_migrations" ("version") VALUES ($1) RETURNING "version"[0m  [["version", "20180921152732"]]
  ↳ bin/rails:9
  [1m[35m (54.9ms)[0m  [1m[35mCOMMIT[0m
  ↳ bin/rails:9
  [1m[36mActiveRecord::InternalMetadata Load (0.8ms)[0m  [1m[34mSELECT  "ar_internal_metadata".* FROM "ar_internal_metadata" WHERE "ar_internal_metadata"."key" = $1 LIMIT $2[0m  [["key", "environment"], ["LIMIT", 1]]
  ↳ bin/rails:9
  [1m[35m (0.4ms)[0m  [1m[35mBEGIN[0m
  ↳ bin/rails:9
  [1m[35m (0.4ms)[0m  [1m[35mCOMMIT[0m
  ↳ bin/rails:9
  [1m[35m (0.6ms)[0m  [1m[34mSELECT pg_advisory_unlock(396877823785600080)[0m
  ↳ bin/rails:9
  [1m[35m (0.9ms)[0m  [1m[34mSELECT "schema_migrations"."version" FROM "schema_migrations" ORDER BY "schema_migrations"."version" ASC[0m
  ↳ bin/rails:9
  [1m[35m (0.4ms)[0m  [1m[34mSELECT pg_try_advisory_lock(396877823785600080)[0m
  ↳ bin/rails:9
  [1m[35m (2.5ms)[0m  [1m[34mSELECT "schema_migrations"."version" FROM "schema_migrations" ORDER BY "schema_migrations"."version" ASC[0m
  ↳ bin/rails:9
Migrating to RemoveTotalFromOrder (20180921152956)
  [1m[35m (0.6ms)[0m  [1m[35mBEGIN[0m
  ↳ bin/rails:9
  [1m[35m (1.8ms)[0m  [1m[35mALTER TABLE "orders" DROP COLUMN "total"[0m
  ↳ db/migrate/20180921152956_remove_total_from_order.rb:3
  [1m[36mActiveRecord::SchemaMigration Create (1.0ms)[0m  [1m[32mINSERT INTO "schema_migrations" ("version") VALUES ($1) RETURNING "version"[0m  [["version", "20180921152956"]]
  ↳ bin/rails:9
  [1m[35m (35.4ms)[0m  [1m[35mCOMMIT[0m
  ↳ bin/rails:9
  [1m[36mActiveRecord::InternalMetadata Load (0.9ms)[0m  [1m[34mSELECT  "ar_internal_metadata".* FROM "ar_internal_metadata" WHERE "ar_internal_metadata"."key" = $1 LIMIT $2[0m  [["key", "environment"], ["LIMIT", 1]]
  ↳ bin/rails:9
  [1m[35m (0.6ms)[0m  [1m[35mBEGIN[0m
  ↳ bin/rails:9
  [1m[35m (0.4ms)[0m  [1m[35mCOMMIT[0m
  ↳ bin/rails:9
  [1m[35m (0.6ms)[0m  [1m[34mSELECT pg_advisory_unlock(396877823785600080)[0m
  ↳ bin/rails:9
  [1m[35m (1.0ms)[0m  [1m[34mSELECT "schema_migrations"."version" FROM "schema_migrations" ORDER BY "schema_migrations"."version" ASC[0m
  ↳ bin/rails:9
  [1m[35m (0.5ms)[0m  [1m[34mSELECT pg_try_advisory_lock(396877823785600080)[0m
  ↳ bin/rails:9
  [1m[35m (2.8ms)[0m  [1m[34mSELECT "schema_migrations"."version" FROM "schema_migrations" ORDER BY "schema_migrations"."version" ASC[0m
  ↳ bin/rails:9
Migrating to RemoveCityFromOrder (20180921153057)
  [1m[35m (0.6ms)[0m  [1m[35mBEGIN[0m
  ↳ bin/rails:9
  [1m[35m (2.2ms)[0m  [1m[35mALTER TABLE "orders" DROP COLUMN "city"[0m
  ↳ db/migrate/20180921153057_remove_city_from_order.rb:3
  [1m[36mActiveRecord::SchemaMigration Create (1.0ms)[0m  [1m[32mINSERT INTO "schema_migrations" ("version") VALUES ($1) RETURNING "version"[0m  [["version", "20180921153057"]]
  ↳ bin/rails:9
  [1m[35m (26.4ms)[0m  [1m[35mCOMMIT[0m
  ↳ bin/rails:9
  [1m[36mActiveRecord::InternalMetadata Load (1.1ms)[0m  [1m[34mSELECT  "ar_internal_metadata".* FROM "ar_internal_metadata" WHERE "ar_internal_metadata"."key" = $1 LIMIT $2[0m  [["key", "environment"], ["LIMIT", 1]]
  ↳ bin/rails:9
  [1m[35m (0.4ms)[0m  [1m[35mBEGIN[0m
  ↳ bin/rails:9
  [1m[35m (0.5ms)[0m  [1m[35mCOMMIT[0m
  ↳ bin/rails:9
  [1m[35m (0.6ms)[0m  [1m[34mSELECT pg_advisory_unlock(396877823785600080)[0m
  ↳ bin/rails:9
  [1m[35m (0.8ms)[0m  [1m[34mSELECT "schema_migrations"."version" FROM "schema_migrations" ORDER BY "schema_migrations"."version" ASC[0m
  ↳ bin/rails:9
  [1m[35m (0.3ms)[0m  [1m[34mSELECT pg_try_advisory_lock(396877823785600080)[0m
  ↳ bin/rails:9
  [1m[35m (1.9ms)[0m  [1m[34mSELECT "schema_migrations"."version" FROM "schema_migrations" ORDER BY "schema_migrations"."version" ASC[0m
  ↳ bin/rails:9
Migrating to RemoveQtyFromOrder (20180921153152)
  [1m[35m (0.5ms)[0m  [1m[35mBEGIN[0m
  ↳ bin/rails:9
  [1m[35m (1.8ms)[0m  [1m[35mALTER TABLE "orders" DROP COLUMN "qty"[0m
  ↳ db/migrate/20180921153152_remove_qty_from_order.rb:3
  [1m[36mActiveRecord::SchemaMigration Create (1.2ms)[0m  [1m[32mINSERT INTO "schema_migrations" ("version") VALUES ($1) RETURNING "version"[0m  [["version", "20180921153152"]]
  ↳ bin/rails:9
  [1m[35m (31.2ms)[0m  [1m[35mCOMMIT[0m
  ↳ bin/rails:9
  [1m[36mActiveRecord::InternalMetadata Load (1.0ms)[0m  [1m[34mSELECT  "ar_internal_metadata".* FROM "ar_internal_metadata" WHERE "ar_internal_metadata"."key" = $1 LIMIT $2[0m  [["key", "environment"], ["LIMIT", 1]]
  ↳ bin/rails:9
  [1m[35m (0.4ms)[0m  [1m[35mBEGIN[0m
  ↳ bin/rails:9
  [1m[35m (0.4ms)[0m  [1m[35mCOMMIT[0m
  ↳ bin/rails:9
  [1m[35m (0.6ms)[0m  [1m[34mSELECT pg_advisory_unlock(396877823785600080)[0m
  ↳ bin/rails:9
  [1m[35m (0.8ms)[0m  [1m[34mSELECT "schema_migrations"."version" FROM "schema_migrations" ORDER BY "schema_migrations"."version" ASC[0m
  ↳ bin/rails:9
Started POST "/v1/order/create" for 127.0.0.1 at 2018-09-21 22:33:34 +0700
  [1m[35m (2.2ms)[0m  [1m[34mSELECT "schema_migrations"."version" FROM "schema_migrations" ORDER BY "schema_migrations"."version" ASC[0m
  ↳ /home/gabriel/.rvm/gems/ruby-2.5.1/gems/activerecord-5.2.1/lib/active_record/log_subscriber.rb:98
  
ActionController::RoutingError (undefined local variable or method `v1' for main:Object):
  
app/controllers/v1/orders_controller.rb:1:in `<main>'
Started POST "/v1/order/create" for 127.0.0.1 at 2018-09-21 22:34:16 +0700
  
ActionController::RoutingError (undefined local variable or method `v1' for main:Object):
  
app/controllers/v1/orders_controller.rb:1:in `<main>'
Started POST "/v1/order/create" for 127.0.0.1 at 2018-09-21 22:36:09 +0700
  
SyntaxError (/home/gabriel/Documents/internship/binar/app/controllers/v1/orders_controller.rb:43: syntax error, unexpected end-of-input, expecting keyword_end):
  
app/controllers/v1/orders_controller.rb:43: syntax error, unexpected end-of-input, expecting keyword_end
Started POST "/v1/order/create" for 127.0.0.1 at 2018-09-21 22:36:30 +0700
  
ActionController::RoutingError (undefined local variable or method `v1' for main:Object):
  
app/controllers/v1/orders_controller.rb:1:in `<main>'
Started POST "/v1/order/create" for 127.0.0.1 at 2018-09-21 22:37:03 +0700
Processing by V1::OrdersController#create as */*
  Parameters: {"address"=>"jalan demangan1", "menu_id"=>"1"}
  [1m[35m (0.4ms)[0m  [1m[35mBEGIN[0m
  ↳ app/controllers/v1/orders_controller.rb:10
  [1m[36mMenu Load (1.2ms)[0m  [1m[34mSELECT  "menus".* FROM "menus" WHERE "menus"."id" = $1 LIMIT $2[0m  [["id", 1], ["LIMIT", 1]]
  ↳ app/controllers/v1/orders_controller.rb:10
  [1m[35m (0.7ms)[0m  [1m[31mROLLBACK[0m
  ↳ app/controllers/v1/orders_controller.rb:10
Completed 500 Internal Server Error in 243ms (ActiveRecord: 27.3ms)


  
NoMethodError (undefined method `name' for #<Order:0x00007f3b64278048>):
  
app/controllers/v1/orders_controller.rb:10:in `create'
Started POST "/v1/order/create" for 127.0.0.1 at 2018-09-21 22:38:08 +0700
Processing by V1::OrdersController#create as */*
  Parameters: {"address"=>"jalan demangan1", "menu_id"=>"1"}
  [1m[35m (0.5ms)[0m  [1m[35mBEGIN[0m
  ↳ app/controllers/v1/orders_controller.rb:10
  [1m[36mMenu Load (1.0ms)[0m  [1m[34mSELECT  "menus".* FROM "menus" WHERE "menus"."id" = $1 LIMIT $2[0m  [["id", 1], ["LIMIT", 1]]
  ↳ app/controllers/v1/orders_controller.rb:10
  [1m[35m (0.5ms)[0m  [1m[31mROLLBACK[0m
  ↳ app/controllers/v1/orders_controller.rb:10
  [1m[35m (0.5ms)[0m  [1m[35mBEGIN[0m
  ↳ app/controllers/v1/orders_controller.rb:11
  [1m[35m (0.4ms)[0m  [1m[31mROLLBACK[0m
  ↳ app/controllers/v1/orders_controller.rb:11
Completed 422 Unprocessable Entity in 99ms (Views: 0.7ms | ActiveRecord: 22.3ms)


Started POST "/user/login" for 127.0.0.1 at 2018-09-21 22:38:36 +0700
Processing by UserTokenController#create as */*
  Parameters: {"auth"=>{"email"=>"gabriel@gmail.com", "password"=>"[FILTERED]"}, "user_token"=>{"auth"=>{"email"=>"gabriel@gmail.com", "password"=>"[FILTERED]"}}}
  [1m[36mUser Load (1.1ms)[0m  [1m[34mSELECT  "users".* FROM "users" WHERE "users"."email" = $1 LIMIT $2[0m  [["email", "gabriel@gmail.com"], ["LIMIT", 1]]
  ↳ /home/gabriel/.rvm/gems/ruby-2.5.1/gems/activerecord-5.2.1/lib/active_record/log_subscriber.rb:98
Completed 201 Created in 151ms (Views: 0.6ms | ActiveRecord: 9.8ms)


Started POST "/v1/order/create" for 127.0.0.1 at 2018-09-21 22:38:53 +0700
Processing by V1::OrdersController#create as */*
  Parameters: {"address"=>"jalan demangan1", "menu_id"=>"1"}
  [1m[35m (1.8ms)[0m  [1m[35mBEGIN[0m
  ↳ app/controllers/v1/orders_controller.rb:10
  [1m[36mMenu Load (3.2ms)[0m  [1m[34mSELECT  "menus".* FROM "menus" WHERE "menus"."id" = $1 LIMIT $2[0m  [["id", 1], ["LIMIT", 1]]
  ↳ app/controllers/v1/orders_controller.rb:10
  [1m[35m (2.5ms)[0m  [1m[31mROLLBACK[0m
  ↳ app/controllers/v1/orders_controller.rb:10
  [1m[35m (0.5ms)[0m  [1m[35mBEGIN[0m
  ↳ app/controllers/v1/orders_controller.rb:11
  [1m[35m (3.1ms)[0m  [1m[31mROLLBACK[0m
  ↳ app/controllers/v1/orders_controller.rb:11
Completed 422 Unprocessable Entity in 27ms (Views: 0.6ms | ActiveRecord: 11.1ms)


Started GET "/v1/menu" for 127.0.0.1 at 2018-09-21 22:39:35 +0700
Processing by V1::MenusController#index as */*
  [1m[36mMenu Load (0.9ms)[0m  [1m[34mSELECT "menus".* FROM "menus"[0m
  ↳ app/controllers/v1/menus_controller.rb:6
Completed 200 OK in 44ms (Views: 22.2ms | ActiveRecord: 13.2ms)


Started POST "/v1/order/create" for 127.0.0.1 at 2018-09-21 22:40:40 +0700
Processing by V1::OrdersController#create as */*
  Parameters: {"address"=>"jalan demangan1", "menu_id"=>"1"}
  [1m[36mUser Load (0.8ms)[0m  [1m[34mSELECT  "users".* FROM "users" WHERE "users"."id" = $1 LIMIT $2[0m  [["id", 1], ["LIMIT", 1]]
  ↳ app/controllers/v1/orders_controller.rb:10
  [1m[35m (0.4ms)[0m  [1m[35mBEGIN[0m
  ↳ app/controllers/v1/orders_controller.rb:10
  [1m[36mMenu Load (0.8ms)[0m  [1m[34mSELECT  "menus".* FROM "menus" WHERE "menus"."id" = $1 LIMIT $2[0m  [["id", 1], ["LIMIT", 1]]
  ↳ app/controllers/v1/orders_controller.rb:10
  [1m[36mOrder Create (2.9ms)[0m  [1m[32mINSERT INTO "orders" ("address", "menu_id", "user_id", "created_at", "updated_at") VALUES ($1, $2, $3, $4, $5) RETURNING "id"[0m  [["address", "jalan demangan1"], ["menu_id", 1], ["user_id", 1], ["created_at", "2018-09-21 15:40:40.305836"], ["updated_at", "2018-09-21 15:40:40.305836"]]
  ↳ app/controllers/v1/orders_controller.rb:10
  [1m[35m (11.9ms)[0m  [1m[35mCOMMIT[0m
  ↳ app/controllers/v1/orders_controller.rb:10
  [1m[35m (0.5ms)[0m  [1m[35mBEGIN[0m
  ↳ app/controllers/v1/orders_controller.rb:11
  [1m[35m (0.6ms)[0m  [1m[35mCOMMIT[0m
  ↳ app/controllers/v1/orders_controller.rb:11
Completed 201 Created in 180ms (Views: 1.6ms | ActiveRecord: 44.9ms)


Started POST "/v1/order/create" for 127.0.0.1 at 2018-09-21 22:40:58 +0700
Processing by V1::OrdersController#create as */*
  Parameters: {"address"=>"jalan demangan1", "menu_id"=>"6"}
  [1m[36mUser Load (1.0ms)[0m  [1m[34mSELECT  "users".* FROM "users" WHERE "users"."id" = $1 LIMIT $2[0m  [["id", 1], ["LIMIT", 1]]
  ↳ app/controllers/v1/orders_controller.rb:10
  [1m[35m (1.4ms)[0m  [1m[35mBEGIN[0m
  ↳ app/controllers/v1/orders_controller.rb:10
  [1m[36mMenu Load (1.3ms)[0m  [1m[34mSELECT  "menus".* FROM "menus" WHERE "menus"."id" = $1 LIMIT $2[0m  [["id", 6], ["LIMIT", 1]]
  ↳ app/controllers/v1/orders_controller.rb:10
  [1m[35m (1.5ms)[0m  [1m[31mROLLBACK[0m
  ↳ app/controllers/v1/orders_controller.rb:10
  [1m[35m (0.8ms)[0m  [1m[35mBEGIN[0m
  ↳ app/controllers/v1/orders_controller.rb:11
  [1m[35m (0.6ms)[0m  [1m[31mROLLBACK[0m
  ↳ app/controllers/v1/orders_controller.rb:11
Completed 422 Unprocessable Entity in 33ms (Views: 0.8ms | ActiveRecord: 6.4ms)


Started POST "/v1/order/create" for 127.0.0.1 at 2018-09-21 22:44:07 +0700
Processing by V1::OrdersController#create as */*
  Parameters: {"address"=>"jalan demangan1", "menu_id"=>"8"}
  [1m[36mUser Load (0.9ms)[0m  [1m[34mSELECT  "users".* FROM "users" WHERE "users"."id" = $1 LIMIT $2[0m  [["id", 1], ["LIMIT", 1]]
  ↳ app/controllers/v1/orders_controller.rb:10
  [1m[35m (0.4ms)[0m  [1m[35mBEGIN[0m
  ↳ app/controllers/v1/orders_controller.rb:10
  [1m[36mMenu Load (0.9ms)[0m  [1m[34mSELECT  "menus".* FROM "menus" WHERE "menus"."id" = $1 LIMIT $2[0m  [["id", 8], ["LIMIT", 1]]
  ↳ app/controllers/v1/orders_controller.rb:10
  [1m[35m (0.5ms)[0m  [1m[31mROLLBACK[0m
  ↳ app/controllers/v1/orders_controller.rb:10
  [1m[35m (0.5ms)[0m  [1m[35mBEGIN[0m
  ↳ app/controllers/v1/orders_controller.rb:11
  [1m[35m (0.5ms)[0m  [1m[31mROLLBACK[0m
  ↳ app/controllers/v1/orders_controller.rb:11
Completed 422 Unprocessable Entity in 122ms (Views: 0.7ms | ActiveRecord: 32.5ms)


